<?xml version="1.0" encoding="UTF-8"?>
<testng-results skipped="0" failed="3" ignored="4" total="7" passed="0">
  <reporter-output>
  </reporter-output>
  <suite name=" Aussibum Suite" duration-ms="66327" started-at="2023-03-29T19:15:22 IST" finished-at="2023-03-29T19:16:28 IST">
    <groups>
      <group name="Sanity">
        <method signature="CartTest.Verify_Product_movedtocheckout_Tc02()[pri:1, instance:com.aussibum.testcases.CartTest@7668d560]" name="Verify_Product_movedtocheckout_Tc02" class="com.aussibum.testcases.CartTest"/>
        <method signature="CheckoutTest.Verify_Order_Place_Tc03(java.lang.String,java.lang.String,java.lang.String,java.lang.String,java.lang.String,java.lang.String,java.lang.String,java.lang.String,java.lang.String,java.lang.String,java.lang.String,java.lang.String,java.lang.String,java.lang.String,java.lang.String,java.lang.String,java.lang.String,java.lang.String,java.lang.String)[pri:2, instance:com.aussibum.testcases.CheckoutTest@46292372]" name="Verify_Order_Place_Tc03" class="com.aussibum.testcases.CheckoutTest"/>
        <method signature="HomeTest.Verify_Product_addedtocart_Tc01()[pri:0, instance:com.aussibum.testcases.HomeTest@2bffa76d]" name="Verify_Product_addedtocart_Tc01" class="com.aussibum.testcases.HomeTest"/>
      </group> <!-- Sanity -->
      <group name="Regression">
        <method signature="CartTest.Verify_Product_movedtocheckout_Tc02()[pri:1, instance:com.aussibum.testcases.CartTest@7668d560]" name="Verify_Product_movedtocheckout_Tc02" class="com.aussibum.testcases.CartTest"/>
        <method signature="CheckoutTest.Verify_Order_Place_Tc03(java.lang.String,java.lang.String,java.lang.String,java.lang.String,java.lang.String,java.lang.String,java.lang.String,java.lang.String,java.lang.String,java.lang.String,java.lang.String,java.lang.String,java.lang.String,java.lang.String,java.lang.String,java.lang.String,java.lang.String,java.lang.String,java.lang.String)[pri:2, instance:com.aussibum.testcases.CheckoutTest@46292372]" name="Verify_Order_Place_Tc03" class="com.aussibum.testcases.CheckoutTest"/>
        <method signature="HomeTest.Verify_Product_addedtocart_Tc01()[pri:0, instance:com.aussibum.testcases.HomeTest@2bffa76d]" name="Verify_Product_addedtocart_Tc01" class="com.aussibum.testcases.HomeTest"/>
      </group> <!-- Regression -->
      <group name="Smoke">
        <method signature="CartTest.Verify_Product_movedtocheckout_Tc02()[pri:1, instance:com.aussibum.testcases.CartTest@7668d560]" name="Verify_Product_movedtocheckout_Tc02" class="com.aussibum.testcases.CartTest"/>
        <method signature="CheckoutTest.Verify_Order_Place_Tc03(java.lang.String,java.lang.String,java.lang.String,java.lang.String,java.lang.String,java.lang.String,java.lang.String,java.lang.String,java.lang.String,java.lang.String,java.lang.String,java.lang.String,java.lang.String,java.lang.String,java.lang.String,java.lang.String,java.lang.String,java.lang.String,java.lang.String)[pri:2, instance:com.aussibum.testcases.CheckoutTest@46292372]" name="Verify_Order_Place_Tc03" class="com.aussibum.testcases.CheckoutTest"/>
        <method signature="HomeTest.Verify_Product_addedtocart_Tc01()[pri:0, instance:com.aussibum.testcases.HomeTest@2bffa76d]" name="Verify_Product_addedtocart_Tc01" class="com.aussibum.testcases.HomeTest"/>
      </group> <!-- Smoke -->
    </groups>
    <test name=" Aussibum Test" duration-ms="66327" started-at="2023-03-29T19:15:22 IST" finished-at="2023-03-29T19:16:28 IST">
      <class name="com.aussibum.testcases.CartTest">
        <test-method status="FAIL" signature="Verify_Product_movedtocheckout_Tc02()[pri:1, instance:com.aussibum.testcases.CartTest@7668d560]" name="Verify_Product_movedtocheckout_Tc02" duration-ms="10336" started-at="2023-03-29T19:16:01 IST" description="Verifying product add to the checkout page" finished-at="2023-03-29T19:16:11 IST">
          <exception class="org.openqa.selenium.NoSuchElementException">
            <message>
              <![CDATA[no such element: Unable to locate element: {"method":"xpath","selector":"//*[@id="minicart_checkout"]/div[2]/div/a[1]"}
  (Session info: chrome=111.0.5563.110)
For documentation on this error, please visit: https://www.seleniumhq.org/exceptions/no_such_element.html
Build info: version: '3.141.59', revision: 'e82be7d358', time: '2018-11-14T08:17:03'
System info: host: 'Nasar-MacBook-Air.local', ip: 'fe80:0:0:0:1841:70e4:b9c7:1c2%en0', os.name: 'Mac OS X', os.arch: 'x86_64', os.version: '10.15.1', java.version: '1.8.0_212'
Driver info: org.openqa.selenium.chrome.ChromeDriver
Capabilities {acceptInsecureCerts: false, browserName: chrome, browserVersion: 111.0.5563.110, chrome: {chromedriverVersion: 111.0.5563.19 (378a38865270..., userDataDir: /var/folders/3c/n71_h9jd6rl...}, goog:chromeOptions: {debuggerAddress: localhost:64183}, javascriptEnabled: true, networkConnectionEnabled: false, pageLoadStrategy: normal, platform: MAC, platformName: MAC, proxy: Proxy(), setWindowRect: true, strictFileInteractability: false, timeouts: {implicit: 0, pageLoad: 300000, script: 30000}, unhandledPromptBehavior: dismiss and notify, webauthn:extension:credBlob: true, webauthn:extension:largeBlob: true, webauthn:extension:minPinLength: true, webauthn:extension:prf: true, webauthn:virtualAuthenticators: true}
Session ID: ac35e9155b9e5ceb110f8bd14bb505f1
*** Element info: {Using=xpath, value=//*[@id="minicart_checkout"]/div[2]/div/a[1]}]]>
            </message>
            <full-stacktrace>
              <![CDATA[org.openqa.selenium.NoSuchElementException: no such element: Unable to locate element: {"method":"xpath","selector":"//*[@id="minicart_checkout"]/div[2]/div/a[1]"}
  (Session info: chrome=111.0.5563.110)
For documentation on this error, please visit: https://www.seleniumhq.org/exceptions/no_such_element.html
Build info: version: '3.141.59', revision: 'e82be7d358', time: '2018-11-14T08:17:03'
System info: host: 'Nasar-MacBook-Air.local', ip: 'fe80:0:0:0:1841:70e4:b9c7:1c2%en0', os.name: 'Mac OS X', os.arch: 'x86_64', os.version: '10.15.1', java.version: '1.8.0_212'
Driver info: org.openqa.selenium.chrome.ChromeDriver
Capabilities {acceptInsecureCerts: false, browserName: chrome, browserVersion: 111.0.5563.110, chrome: {chromedriverVersion: 111.0.5563.19 (378a38865270..., userDataDir: /var/folders/3c/n71_h9jd6rl...}, goog:chromeOptions: {debuggerAddress: localhost:64183}, javascriptEnabled: true, networkConnectionEnabled: false, pageLoadStrategy: normal, platform: MAC, platformName: MAC, proxy: Proxy(), setWindowRect: true, strictFileInteractability: false, timeouts: {implicit: 0, pageLoad: 300000, script: 30000}, unhandledPromptBehavior: dismiss and notify, webauthn:extension:credBlob: true, webauthn:extension:largeBlob: true, webauthn:extension:minPinLength: true, webauthn:extension:prf: true, webauthn:virtualAuthenticators: true}
Session ID: ac35e9155b9e5ceb110f8bd14bb505f1
*** Element info: {Using=xpath, value=//*[@id="minicart_checkout"]/div[2]/div/a[1]}
at sun.reflect.NativeConstructorAccessorImpl.newInstance0(Native Method)
at sun.reflect.NativeConstructorAccessorImpl.newInstance(NativeConstructorAccessorImpl.java:62)
at sun.reflect.DelegatingConstructorAccessorImpl.newInstance(DelegatingConstructorAccessorImpl.java:45)
at java.lang.reflect.Constructor.newInstance(Constructor.java:423)
at org.openqa.selenium.remote.http.W3CHttpResponseCodec.createException(W3CHttpResponseCodec.java:187)
at org.openqa.selenium.remote.http.W3CHttpResponseCodec.decode(W3CHttpResponseCodec.java:122)
at org.openqa.selenium.remote.http.W3CHttpResponseCodec.decode(W3CHttpResponseCodec.java:49)
at org.openqa.selenium.remote.HttpCommandExecutor.execute(HttpCommandExecutor.java:158)
at org.openqa.selenium.remote.service.DriverCommandExecutor.execute(DriverCommandExecutor.java:83)
at org.openqa.selenium.remote.RemoteWebDriver.execute(RemoteWebDriver.java:552)
at org.openqa.selenium.remote.RemoteWebDriver.findElement(RemoteWebDriver.java:323)
at org.openqa.selenium.remote.RemoteWebDriver.findElementByXPath(RemoteWebDriver.java:428)
at org.openqa.selenium.By$ByXPath.findElement(By.java:353)
at org.openqa.selenium.remote.RemoteWebDriver.findElement(RemoteWebDriver.java:315)
at org.openqa.selenium.support.pagefactory.DefaultElementLocator.findElement(DefaultElementLocator.java:69)
at org.openqa.selenium.support.pagefactory.internal.LocatingElementHandler.invoke(LocatingElementHandler.java:38)
at com.sun.proxy.$Proxy20.getWrappedElement(Unknown Source)
at org.openqa.selenium.remote.internal.WebElementToJsonConverter.apply(WebElementToJsonConverter.java:50)
at java.util.stream.ReferencePipeline$3$1.accept(ReferencePipeline.java:193)
at java.util.Spliterators$ArraySpliterator.forEachRemaining(Spliterators.java:948)
at java.util.stream.AbstractPipeline.copyInto(AbstractPipeline.java:481)
at java.util.stream.AbstractPipeline.wrapAndCopyInto(AbstractPipeline.java:471)
at java.util.stream.ReduceOps$ReduceOp.evaluateSequential(ReduceOps.java:708)
at java.util.stream.AbstractPipeline.evaluate(AbstractPipeline.java:234)
at java.util.stream.ReferencePipeline.collect(ReferencePipeline.java:499)
at org.openqa.selenium.remote.RemoteWebDriver.executeScript(RemoteWebDriver.java:484)
at com.aussibum.actiondriver.Action.scrollByVisibilityOfElement(Action.java:41)
at com.aussibum.pageobject.CartPage.click_on_checkout(CartPage.java:21)
at com.aussibum.testcases.CartTest.Verify_Product_movedtocheckout_Tc02(CartTest.java:21)
at sun.reflect.NativeMethodAccessorImpl.invoke0(Native Method)
at sun.reflect.NativeMethodAccessorImpl.invoke(NativeMethodAccessorImpl.java:62)
at sun.reflect.DelegatingMethodAccessorImpl.invoke(DelegatingMethodAccessorImpl.java:43)
at java.lang.reflect.Method.invoke(Method.java:498)
at org.testng.internal.MethodInvocationHelper.invokeMethod(MethodInvocationHelper.java:133)
at org.testng.internal.TestInvoker.invokeMethod(TestInvoker.java:598)
at org.testng.internal.TestInvoker.invokeTestMethod(TestInvoker.java:173)
at org.testng.internal.MethodRunner.runInSequence(MethodRunner.java:46)
at org.testng.internal.TestInvoker$MethodInvocationAgent.invoke(TestInvoker.java:824)
at org.testng.internal.TestInvoker.invokeTestMethods(TestInvoker.java:146)
at org.testng.internal.TestMethodWorker.invokeTestMethods(TestMethodWorker.java:146)
at org.testng.internal.TestMethodWorker.run(TestMethodWorker.java:128)
at java.util.ArrayList.forEach(ArrayList.java:1257)
at org.testng.TestRunner.privateRun(TestRunner.java:794)
at org.testng.TestRunner.run(TestRunner.java:596)
at org.testng.SuiteRunner.runTest(SuiteRunner.java:377)
at org.testng.SuiteRunner.runSequentially(SuiteRunner.java:371)
at org.testng.SuiteRunner.privateRun(SuiteRunner.java:332)
at org.testng.SuiteRunner.run(SuiteRunner.java:276)
at org.testng.SuiteRunnerWorker.runSuite(SuiteRunnerWorker.java:53)
at org.testng.SuiteRunnerWorker.run(SuiteRunnerWorker.java:96)
at org.testng.TestNG.runSuitesSequentially(TestNG.java:1212)
at org.testng.TestNG.runSuitesLocally(TestNG.java:1134)
at org.testng.TestNG.runSuites(TestNG.java:1063)
at org.testng.TestNG.run(TestNG.java:1031)
at org.testng.remote.AbstractRemoteTestNG.run(AbstractRemoteTestNG.java:115)
at org.testng.remote.RemoteTestNG.initAndRun(RemoteTestNG.java:251)
at org.testng.remote.RemoteTestNG.main(RemoteTestNG.java:77)
]]>
            </full-stacktrace>
          </exception> <!-- org.openqa.selenium.NoSuchElementException -->
          <reporter-output>
          </reporter-output>
        </test-method> <!-- Verify_Product_movedtocheckout_Tc02 -->
      </class> <!-- com.aussibum.testcases.CartTest -->
      <class name="com.aussibum.testcases.HomeTest">
        <test-method status="PASS" signature="loadConfig()[pri:0, instance:com.aussibum.testcases.HomeTest@2bffa76d]" name="loadConfig" is-config="true" duration-ms="1404" started-at="2023-03-29T19:15:20 IST" finished-at="2023-03-29T19:15:22 IST">
          <reporter-output>
          </reporter-output>
        </test-method> <!-- loadConfig -->
        <test-method status="PASS" signature="setup(java.lang.String)[pri:0, instance:com.aussibum.testcases.HomeTest@2bffa76d]" name="setup" is-config="true" duration-ms="21096" started-at="2023-03-29T19:15:22 IST" finished-at="2023-03-29T19:15:43 IST">
          <params>
            <param index="0">
              <value>
                <![CDATA[chrome]]>
              </value>
            </param>
          </params>
          <reporter-output>
          </reporter-output>
        </test-method> <!-- setup -->
        <test-method status="FAIL" signature="Verify_Product_addedtocart_Tc01()[pri:0, instance:com.aussibum.testcases.HomeTest@2bffa76d]" name="Verify_Product_addedtocart_Tc01" duration-ms="14951" started-at="2023-03-29T19:15:44 IST" description="Verifying product add to the cart" finished-at="2023-03-29T19:15:59 IST">
          <exception class="java.lang.AssertionError">
            <message>
              <![CDATA[expected [true] but found [false]]]>
            </message>
            <full-stacktrace>
              <![CDATA[java.lang.AssertionError: expected [true] but found [false]
at org.testng.Assert.fail(Assert.java:99)
at org.testng.Assert.failNotEquals(Assert.java:1037)
at org.testng.Assert.assertTrue(Assert.java:45)
at org.testng.Assert.assertTrue(Assert.java:55)
at com.aussibum.testcases.HomeTest.Verify_Product_addedtocart_Tc01(HomeTest.java:55)
at sun.reflect.NativeMethodAccessorImpl.invoke0(Native Method)
at sun.reflect.NativeMethodAccessorImpl.invoke(NativeMethodAccessorImpl.java:62)
at sun.reflect.DelegatingMethodAccessorImpl.invoke(DelegatingMethodAccessorImpl.java:43)
at java.lang.reflect.Method.invoke(Method.java:498)
at org.testng.internal.MethodInvocationHelper.invokeMethod(MethodInvocationHelper.java:133)
at org.testng.internal.TestInvoker.invokeMethod(TestInvoker.java:598)
at org.testng.internal.TestInvoker.invokeTestMethod(TestInvoker.java:173)
at org.testng.internal.MethodRunner.runInSequence(MethodRunner.java:46)
at org.testng.internal.TestInvoker$MethodInvocationAgent.invoke(TestInvoker.java:824)
at org.testng.internal.TestInvoker.invokeTestMethods(TestInvoker.java:146)
at org.testng.internal.TestMethodWorker.invokeTestMethods(TestMethodWorker.java:146)
at org.testng.internal.TestMethodWorker.run(TestMethodWorker.java:128)
at java.util.ArrayList.forEach(ArrayList.java:1257)
at org.testng.TestRunner.privateRun(TestRunner.java:794)
at org.testng.TestRunner.run(TestRunner.java:596)
at org.testng.SuiteRunner.runTest(SuiteRunner.java:377)
at org.testng.SuiteRunner.runSequentially(SuiteRunner.java:371)
at org.testng.SuiteRunner.privateRun(SuiteRunner.java:332)
at org.testng.SuiteRunner.run(SuiteRunner.java:276)
at org.testng.SuiteRunnerWorker.runSuite(SuiteRunnerWorker.java:53)
at org.testng.SuiteRunnerWorker.run(SuiteRunnerWorker.java:96)
at org.testng.TestNG.runSuitesSequentially(TestNG.java:1212)
at org.testng.TestNG.runSuitesLocally(TestNG.java:1134)
at org.testng.TestNG.runSuites(TestNG.java:1063)
at org.testng.TestNG.run(TestNG.java:1031)
at org.testng.remote.AbstractRemoteTestNG.run(AbstractRemoteTestNG.java:115)
at org.testng.remote.RemoteTestNG.initAndRun(RemoteTestNG.java:251)
at org.testng.remote.RemoteTestNG.main(RemoteTestNG.java:77)
]]>
            </full-stacktrace>
          </exception> <!-- java.lang.AssertionError -->
          <reporter-output>
          </reporter-output>
        </test-method> <!-- Verify_Product_addedtocart_Tc01 -->
        <test-method status="PASS" signature="afterSuite()[pri:0, instance:com.aussibum.testcases.HomeTest@2bffa76d]" name="afterSuite" is-config="true" duration-ms="4136" started-at="2023-03-29T19:16:28 IST" finished-at="2023-03-29T19:16:32 IST">
          <reporter-output>
          </reporter-output>
        </test-method> <!-- afterSuite -->
      </class> <!-- com.aussibum.testcases.HomeTest -->
      <class name="com.aussibum.testcases.CheckoutTest">
        <test-method status="FAIL" signature="Verify_Order_Place_Tc03(java.lang.String,java.lang.String,java.lang.String,java.lang.String,java.lang.String,java.lang.String,java.lang.String,java.lang.String,java.lang.String,java.lang.String,java.lang.String,java.lang.String,java.lang.String,java.lang.String,java.lang.String,java.lang.String,java.lang.String,java.lang.String,java.lang.String)[pri:2, instance:com.aussibum.testcases.CheckoutTest@46292372]" name="Verify_Order_Place_Tc03" duration-ms="10074" started-at="2023-03-29T19:16:17 IST" description="Verifying order placement" data-provider="Checkout_data" finished-at="2023-03-29T19:16:27 IST">
          <params>
            <param index="0">
              <value>
                <![CDATA[nasar@macappstudio.com]]>
              </value>
            </param>
            <param index="1">
              <value>
                <![CDATA[nasar@macappstudio.com]]>
              </value>
            </param>
            <param index="2">
              <value>
                <![CDATA[(AU) Australia]]>
              </value>
            </param>
            <param index="3">
              <value>
                <![CDATA[Nasar]]>
              </value>
            </param>
            <param index="4">
              <value>
                <![CDATA[Fazil]]>
              </value>
            </param>
            <param index="5">
              <value>
                <![CDATA[61.0]]>
              </value>
            </param>
            <param index="6">
              <value>
                <![CDATA[4 1234 5678]]>
              </value>
            </param>
            <param index="7">
              <value>
                <![CDATA[Mac App]]>
              </value>
            </param>
            <param index="8">
              <value>
                <![CDATA[813.0]]>
              </value>
            </param>
            <param index="9">
              <value>
                <![CDATA[Shirley Street]]>
              </value>
            </param>
            <param index="10">
              <value>
                <![CDATA[PIMPAMA]]>
              </value>
            </param>
            <param index="11">
              <value>
                <![CDATA[PIMPAMA]]>
              </value>
            </param>
            <param index="12">
              <value>
                <![CDATA[Queensland]]>
              </value>
            </param>
            <param index="13">
              <value>
                <![CDATA[4209.0]]>
              </value>
            </param>
            <param index="14">
              <value>
                <![CDATA[Leave it door]]>
              </value>
            </param>
            <param index="15">
              <value>
                <![CDATA[4242 4242 4242 4242]]>
              </value>
            </param>
            <param index="16">
              <value>
                <![CDATA[1228.0]]>
              </value>
            </param>
            <param index="17">
              <value>
                <![CDATA[678.0]]>
              </value>
            </param>
            <param index="18">
              <value>
                <![CDATA[Nasar F]]>
              </value>
            </param>
          </params>
          <exception class="org.openqa.selenium.NoSuchElementException">
            <message>
              <![CDATA[no such element: Unable to locate element: {"method":"xpath","selector":"//*[contains(@placeholder,'Enter your email address')]"}
  (Session info: chrome=111.0.5563.110)
For documentation on this error, please visit: https://www.seleniumhq.org/exceptions/no_such_element.html
Build info: version: '3.141.59', revision: 'e82be7d358', time: '2018-11-14T08:17:03'
System info: host: 'Nasar-MacBook-Air.local', ip: 'fe80:0:0:0:1841:70e4:b9c7:1c2%en0', os.name: 'Mac OS X', os.arch: 'x86_64', os.version: '10.15.1', java.version: '1.8.0_212'
Driver info: org.openqa.selenium.chrome.ChromeDriver
Capabilities {acceptInsecureCerts: false, browserName: chrome, browserVersion: 111.0.5563.110, chrome: {chromedriverVersion: 111.0.5563.19 (378a38865270..., userDataDir: /var/folders/3c/n71_h9jd6rl...}, goog:chromeOptions: {debuggerAddress: localhost:64183}, javascriptEnabled: true, networkConnectionEnabled: false, pageLoadStrategy: normal, platform: MAC, platformName: MAC, proxy: Proxy(), setWindowRect: true, strictFileInteractability: false, timeouts: {implicit: 0, pageLoad: 300000, script: 30000}, unhandledPromptBehavior: dismiss and notify, webauthn:extension:credBlob: true, webauthn:extension:largeBlob: true, webauthn:extension:minPinLength: true, webauthn:extension:prf: true, webauthn:virtualAuthenticators: true}
Session ID: ac35e9155b9e5ceb110f8bd14bb505f1
*** Element info: {Using=xpath, value=//*[contains(@placeholder,'Enter your email address')]}]]>
            </message>
            <full-stacktrace>
              <![CDATA[org.openqa.selenium.NoSuchElementException: no such element: Unable to locate element: {"method":"xpath","selector":"//*[contains(@placeholder,'Enter your email address')]"}
  (Session info: chrome=111.0.5563.110)
For documentation on this error, please visit: https://www.seleniumhq.org/exceptions/no_such_element.html
Build info: version: '3.141.59', revision: 'e82be7d358', time: '2018-11-14T08:17:03'
System info: host: 'Nasar-MacBook-Air.local', ip: 'fe80:0:0:0:1841:70e4:b9c7:1c2%en0', os.name: 'Mac OS X', os.arch: 'x86_64', os.version: '10.15.1', java.version: '1.8.0_212'
Driver info: org.openqa.selenium.chrome.ChromeDriver
Capabilities {acceptInsecureCerts: false, browserName: chrome, browserVersion: 111.0.5563.110, chrome: {chromedriverVersion: 111.0.5563.19 (378a38865270..., userDataDir: /var/folders/3c/n71_h9jd6rl...}, goog:chromeOptions: {debuggerAddress: localhost:64183}, javascriptEnabled: true, networkConnectionEnabled: false, pageLoadStrategy: normal, platform: MAC, platformName: MAC, proxy: Proxy(), setWindowRect: true, strictFileInteractability: false, timeouts: {implicit: 0, pageLoad: 300000, script: 30000}, unhandledPromptBehavior: dismiss and notify, webauthn:extension:credBlob: true, webauthn:extension:largeBlob: true, webauthn:extension:minPinLength: true, webauthn:extension:prf: true, webauthn:virtualAuthenticators: true}
Session ID: ac35e9155b9e5ceb110f8bd14bb505f1
*** Element info: {Using=xpath, value=//*[contains(@placeholder,'Enter your email address')]}
at sun.reflect.NativeConstructorAccessorImpl.newInstance0(Native Method)
at sun.reflect.NativeConstructorAccessorImpl.newInstance(NativeConstructorAccessorImpl.java:62)
at sun.reflect.DelegatingConstructorAccessorImpl.newInstance(DelegatingConstructorAccessorImpl.java:45)
at java.lang.reflect.Constructor.newInstance(Constructor.java:423)
at org.openqa.selenium.remote.http.W3CHttpResponseCodec.createException(W3CHttpResponseCodec.java:187)
at org.openqa.selenium.remote.http.W3CHttpResponseCodec.decode(W3CHttpResponseCodec.java:122)
at org.openqa.selenium.remote.http.W3CHttpResponseCodec.decode(W3CHttpResponseCodec.java:49)
at org.openqa.selenium.remote.HttpCommandExecutor.execute(HttpCommandExecutor.java:158)
at org.openqa.selenium.remote.service.DriverCommandExecutor.execute(DriverCommandExecutor.java:83)
at org.openqa.selenium.remote.RemoteWebDriver.execute(RemoteWebDriver.java:552)
at org.openqa.selenium.remote.RemoteWebDriver.findElement(RemoteWebDriver.java:323)
at org.openqa.selenium.remote.RemoteWebDriver.findElementByXPath(RemoteWebDriver.java:428)
at org.openqa.selenium.By$ByXPath.findElement(By.java:353)
at org.openqa.selenium.remote.RemoteWebDriver.findElement(RemoteWebDriver.java:315)
at org.openqa.selenium.support.pagefactory.DefaultElementLocator.findElement(DefaultElementLocator.java:69)
at org.openqa.selenium.support.pagefactory.internal.LocatingElementHandler.invoke(LocatingElementHandler.java:38)
at com.sun.proxy.$Proxy20.getWrappedElement(Unknown Source)
at org.openqa.selenium.remote.internal.WebElementToJsonConverter.apply(WebElementToJsonConverter.java:50)
at java.util.stream.ReferencePipeline$3$1.accept(ReferencePipeline.java:193)
at java.util.Spliterators$ArraySpliterator.forEachRemaining(Spliterators.java:948)
at java.util.stream.AbstractPipeline.copyInto(AbstractPipeline.java:481)
at java.util.stream.AbstractPipeline.wrapAndCopyInto(AbstractPipeline.java:471)
at java.util.stream.ReduceOps$ReduceOp.evaluateSequential(ReduceOps.java:708)
at java.util.stream.AbstractPipeline.evaluate(AbstractPipeline.java:234)
at java.util.stream.ReferencePipeline.collect(ReferencePipeline.java:499)
at org.openqa.selenium.remote.RemoteWebDriver.executeScript(RemoteWebDriver.java:484)
at com.aussibum.actiondriver.Action.JSClick(Action.java:338)
at com.aussibum.pageobject.CheckoutPage.click_on_email(CheckoutPage.java:78)
at com.aussibum.testcases.CheckoutTest.Verify_Order_Place_Tc03(CheckoutTest.java:15)
at sun.reflect.NativeMethodAccessorImpl.invoke0(Native Method)
at sun.reflect.NativeMethodAccessorImpl.invoke(NativeMethodAccessorImpl.java:62)
at sun.reflect.DelegatingMethodAccessorImpl.invoke(DelegatingMethodAccessorImpl.java:43)
at java.lang.reflect.Method.invoke(Method.java:498)
at org.testng.internal.MethodInvocationHelper.invokeMethod(MethodInvocationHelper.java:133)
at org.testng.internal.TestInvoker.invokeMethod(TestInvoker.java:598)
at org.testng.internal.TestInvoker.invokeTestMethod(TestInvoker.java:173)
at org.testng.internal.MethodRunner.runInSequence(MethodRunner.java:46)
at org.testng.internal.TestInvoker$MethodInvocationAgent.invoke(TestInvoker.java:824)
at org.testng.internal.TestInvoker.invokeTestMethods(TestInvoker.java:146)
at org.testng.internal.TestMethodWorker.invokeTestMethods(TestMethodWorker.java:146)
at org.testng.internal.TestMethodWorker.run(TestMethodWorker.java:128)
at java.util.ArrayList.forEach(ArrayList.java:1257)
at org.testng.TestRunner.privateRun(TestRunner.java:794)
at org.testng.TestRunner.run(TestRunner.java:596)
at org.testng.SuiteRunner.runTest(SuiteRunner.java:377)
at org.testng.SuiteRunner.runSequentially(SuiteRunner.java:371)
at org.testng.SuiteRunner.privateRun(SuiteRunner.java:332)
at org.testng.SuiteRunner.run(SuiteRunner.java:276)
at org.testng.SuiteRunnerWorker.runSuite(SuiteRunnerWorker.java:53)
at org.testng.SuiteRunnerWorker.run(SuiteRunnerWorker.java:96)
at org.testng.TestNG.runSuitesSequentially(TestNG.java:1212)
at org.testng.TestNG.runSuitesLocally(TestNG.java:1134)
at org.testng.TestNG.runSuites(TestNG.java:1063)
at org.testng.TestNG.run(TestNG.java:1031)
at org.testng.remote.AbstractRemoteTestNG.run(AbstractRemoteTestNG.java:115)
at org.testng.remote.RemoteTestNG.initAndRun(RemoteTestNG.java:251)
at org.testng.remote.RemoteTestNG.main(RemoteTestNG.java:77)
]]>
            </full-stacktrace>
          </exception> <!-- org.openqa.selenium.NoSuchElementException -->
          <reporter-output>
          </reporter-output>
        </test-method> <!-- Verify_Order_Place_Tc03 -->
      </class> <!-- com.aussibum.testcases.CheckoutTest -->
    </test> <!--  Aussibum Test -->
  </suite> <!--  Aussibum Suite -->
</testng-results>
