{"uid":"24652ea34a608f86","name":"Verifying product add to the cart","fullName":"com.aussibum.testcases.HomePageTest.Verify_Product_addedtocart_Tc01","historyId":"84ee0e39d435407e0a4ea7b6a9379297","time":{"start":1676791379479,"stop":1676791462927,"duration":83448},"description":"Test Case Description: Verifying product add to the cart session","descriptionHtml":"<p>Test Case Description: Verifying product add to the cart session</p>\n","status":"skipped","statusMessage":"element click intercepted: Element <span class=\"wt2m+Sz9-Oy4IjEgJy61sw==\">...</span> is not clickable at point (1197, 662). Other element would receive the click: <path class=\"cls-5\" d=\"M140.27,115.37H124.66l.75-2.36c-2.74,2.22-6.32,3.33-10.71,3.33a9.19,9.19,0,0,1-7.09-2.7c-1.67-1.8-2-4.15-1.1-7.06L126.21,45h15.61l-18.31,57.21q-1,3.23,1.64,3.22t3.67-3.09L147.17,45h15.61Z\"></path>\n  (Session info: chrome=109.0.5414.119)\nBuild info: version: '3.141.59', revision: 'e82be7d358', time: '2018-11-14T08:17:03'\nSystem info: host: 'Nasar-MacBook-Air.local', ip: '2409:4072:e99:be32:50da:a403:9bd0:cc6b%en0', os.name: 'Mac OS X', os.arch: 'x86_64', os.version: '10.15.1', java.version: '1.8.0_212'\nDriver info: org.openqa.selenium.chrome.ChromeDriver\nCapabilities {acceptInsecureCerts: false, browserName: chrome, browserVersion: 109.0.5414.119, chrome: {chromedriverVersion: 109.0.5414.74 (e7c5703604da..., userDataDir: /var/folders/3c/n71_h9jd6rl...}, goog:chromeOptions: {debuggerAddress: localhost:65390}, javascriptEnabled: true, networkConnectionEnabled: false, pageLoadStrategy: normal, platform: MAC, platformName: MAC, proxy: Proxy(), setWindowRect: true, strictFileInteractability: false, timeouts: {implicit: 0, pageLoad: 300000, script: 30000}, unhandledPromptBehavior: dismiss and notify, webauthn:extension:credBlob: true, webauthn:extension:largeBlob: true, webauthn:virtualAuthenticators: true}\nSession ID: bb176e7f4f76c016f34b545d2f3e8c99","statusTrace":"org.openqa.selenium.ElementClickInterceptedException: element click intercepted: Element <span class=\"wt2m+Sz9-Oy4IjEgJy61sw==\">...</span> is not clickable at point (1197, 662). Other element would receive the click: <path class=\"cls-5\" d=\"M140.27,115.37H124.66l.75-2.36c-2.74,2.22-6.32,3.33-10.71,3.33a9.19,9.19,0,0,1-7.09-2.7c-1.67-1.8-2-4.15-1.1-7.06L126.21,45h15.61l-18.31,57.21q-1,3.23,1.64,3.22t3.67-3.09L147.17,45h15.61Z\"></path>\n  (Session info: chrome=109.0.5414.119)\nBuild info: version: '3.141.59', revision: 'e82be7d358', time: '2018-11-14T08:17:03'\nSystem info: host: 'Nasar-MacBook-Air.local', ip: '2409:4072:e99:be32:50da:a403:9bd0:cc6b%en0', os.name: 'Mac OS X', os.arch: 'x86_64', os.version: '10.15.1', java.version: '1.8.0_212'\nDriver info: org.openqa.selenium.chrome.ChromeDriver\nCapabilities {acceptInsecureCerts: false, browserName: chrome, browserVersion: 109.0.5414.119, chrome: {chromedriverVersion: 109.0.5414.74 (e7c5703604da..., userDataDir: /var/folders/3c/n71_h9jd6rl...}, goog:chromeOptions: {debuggerAddress: localhost:65390}, javascriptEnabled: true, networkConnectionEnabled: false, pageLoadStrategy: normal, platform: MAC, platformName: MAC, proxy: Proxy(), setWindowRect: true, strictFileInteractability: false, timeouts: {implicit: 0, pageLoad: 300000, script: 30000}, unhandledPromptBehavior: dismiss and notify, webauthn:extension:credBlob: true, webauthn:extension:largeBlob: true, webauthn:virtualAuthenticators: true}\nSession ID: bb176e7f4f76c016f34b545d2f3e8c99\n\tat sun.reflect.NativeConstructorAccessorImpl.newInstance0(Native Method)\n\tat sun.reflect.NativeConstructorAccessorImpl.newInstance(NativeConstructorAccessorImpl.java:62)\n\tat sun.reflect.DelegatingConstructorAccessorImpl.newInstance(DelegatingConstructorAccessorImpl.java:45)\n\tat java.lang.reflect.Constructor.newInstance(Constructor.java:423)\n\tat org.openqa.selenium.remote.http.W3CHttpResponseCodec.createException(W3CHttpResponseCodec.java:187)\n\tat org.openqa.selenium.remote.http.W3CHttpResponseCodec.decode(W3CHttpResponseCodec.java:122)\n\tat org.openqa.selenium.remote.http.W3CHttpResponseCodec.decode(W3CHttpResponseCodec.java:49)\n\tat org.openqa.selenium.remote.HttpCommandExecutor.execute(HttpCommandExecutor.java:158)\n\tat org.openqa.selenium.remote.service.DriverCommandExecutor.execute(DriverCommandExecutor.java:83)\n\tat org.openqa.selenium.remote.RemoteWebDriver.execute(RemoteWebDriver.java:552)\n\tat org.openqa.selenium.remote.RemoteWebElement.execute(RemoteWebElement.java:285)\n\tat org.openqa.selenium.remote.RemoteWebElement.click(RemoteWebElement.java:84)\n\tat sun.reflect.NativeMethodAccessorImpl.invoke0(Native Method)\n\tat sun.reflect.NativeMethodAccessorImpl.invoke(NativeMethodAccessorImpl.java:62)\n\tat sun.reflect.DelegatingMethodAccessorImpl.invoke(DelegatingMethodAccessorImpl.java:43)\n\tat java.lang.reflect.Method.invoke(Method.java:498)\n\tat org.openqa.selenium.support.pagefactory.internal.LocatingElementHandler.invoke(LocatingElementHandler.java:51)\n\tat com.sun.proxy.$Proxy20.click(Unknown Source)\n\tat com.aussibum.actiondriver.Action.normalclick(Action.java:62)\n\tat com.aussibum.pageobject.HomePage.Click_0n_addtocart(HomePage.java:48)\n\tat com.aussibum.testcases.HomePageTest.Verify_Product_addedtocart_Tc01(HomePageTest.java:49)\n\tat sun.reflect.NativeMethodAccessorImpl.invoke0(Native Method)\n\tat sun.reflect.NativeMethodAccessorImpl.invoke(NativeMethodAccessorImpl.java:62)\n\tat sun.reflect.DelegatingMethodAccessorImpl.invoke(DelegatingMethodAccessorImpl.java:43)\n\tat java.lang.reflect.Method.invoke(Method.java:498)\n\tat org.testng.internal.MethodInvocationHelper.invokeMethod(MethodInvocationHelper.java:133)\n\tat org.testng.internal.TestInvoker.invokeMethod(TestInvoker.java:598)\n\tat org.testng.internal.TestInvoker.invokeTestMethod(TestInvoker.java:173)\n\tat org.testng.internal.MethodRunner.runInSequence(MethodRunner.java:46)\n\tat org.testng.internal.TestInvoker$MethodInvocationAgent.invoke(TestInvoker.java:824)\n\tat org.testng.internal.TestInvoker.invokeTestMethods(TestInvoker.java:146)\n\tat org.testng.internal.TestMethodWorker.invokeTestMethods(TestMethodWorker.java:146)\n\tat org.testng.internal.TestMethodWorker.run(TestMethodWorker.java:128)\n\tat java.util.ArrayList.forEach(ArrayList.java:1257)\n\tat org.testng.TestRunner.privateRun(TestRunner.java:794)\n\tat org.testng.TestRunner.run(TestRunner.java:596)\n\tat org.testng.SuiteRunner.runTest(SuiteRunner.java:377)\n\tat org.testng.SuiteRunner.runSequentially(SuiteRunner.java:371)\n\tat org.testng.SuiteRunner.privateRun(SuiteRunner.java:332)\n\tat org.testng.SuiteRunner.run(SuiteRunner.java:276)\n\tat org.testng.SuiteRunnerWorker.runSuite(SuiteRunnerWorker.java:53)\n\tat org.testng.SuiteRunnerWorker.run(SuiteRunnerWorker.java:96)\n\tat org.testng.TestNG.runSuitesSequentially(TestNG.java:1212)\n\tat org.testng.TestNG.runSuitesLocally(TestNG.java:1134)\n\tat org.testng.TestNG.runSuites(TestNG.java:1063)\n\tat org.testng.TestNG.run(TestNG.java:1031)\n\tat org.testng.remote.AbstractRemoteTestNG.run(AbstractRemoteTestNG.java:115)\n\tat org.testng.remote.RemoteTestNG.initAndRun(RemoteTestNG.java:251)\n\tat org.testng.remote.RemoteTestNG.main(RemoteTestNG.java:77)\n","flaky":false,"newFailed":false,"newBroken":false,"newPassed":false,"retriesCount":72,"retriesStatusChange":true,"beforeStages":[{"name":"loadConfig","time":{"start":1676791276986,"stop":1676791278003,"duration":1017},"description":"","status":"passed","steps":[],"attachments":[],"parameters":[],"stepsCount":0,"attachmentsCount":0,"shouldDisplayMessage":false,"hasContent":false},{"name":"setup","time":{"start":1676791278100,"stop":1676791378702,"duration":100602},"description":"","status":"passed","steps":[],"attachments":[],"parameters":[],"stepsCount":0,"attachmentsCount":0,"shouldDisplayMessage":false,"hasContent":false}],"testStage":{"description":"Test Case Description: Verifying product add to the cart session","status":"skipped","statusMessage":"element click intercepted: Element <span class=\"wt2m+Sz9-Oy4IjEgJy61sw==\">...</span> is not clickable at point (1197, 662). Other element would receive the click: <path class=\"cls-5\" d=\"M140.27,115.37H124.66l.75-2.36c-2.74,2.22-6.32,3.33-10.71,3.33a9.19,9.19,0,0,1-7.09-2.7c-1.67-1.8-2-4.15-1.1-7.06L126.21,45h15.61l-18.31,57.21q-1,3.23,1.64,3.22t3.67-3.09L147.17,45h15.61Z\"></path>\n  (Session info: chrome=109.0.5414.119)\nBuild info: version: '3.141.59', revision: 'e82be7d358', time: '2018-11-14T08:17:03'\nSystem info: host: 'Nasar-MacBook-Air.local', ip: '2409:4072:e99:be32:50da:a403:9bd0:cc6b%en0', os.name: 'Mac OS X', os.arch: 'x86_64', os.version: '10.15.1', java.version: '1.8.0_212'\nDriver info: org.openqa.selenium.chrome.ChromeDriver\nCapabilities {acceptInsecureCerts: false, browserName: chrome, browserVersion: 109.0.5414.119, chrome: {chromedriverVersion: 109.0.5414.74 (e7c5703604da..., userDataDir: /var/folders/3c/n71_h9jd6rl...}, goog:chromeOptions: {debuggerAddress: localhost:65390}, javascriptEnabled: true, networkConnectionEnabled: false, pageLoadStrategy: normal, platform: MAC, platformName: MAC, proxy: Proxy(), setWindowRect: true, strictFileInteractability: false, timeouts: {implicit: 0, pageLoad: 300000, script: 30000}, unhandledPromptBehavior: dismiss and notify, webauthn:extension:credBlob: true, webauthn:extension:largeBlob: true, webauthn:virtualAuthenticators: true}\nSession ID: bb176e7f4f76c016f34b545d2f3e8c99","statusTrace":"org.openqa.selenium.ElementClickInterceptedException: element click intercepted: Element <span class=\"wt2m+Sz9-Oy4IjEgJy61sw==\">...</span> is not clickable at point (1197, 662). Other element would receive the click: <path class=\"cls-5\" d=\"M140.27,115.37H124.66l.75-2.36c-2.74,2.22-6.32,3.33-10.71,3.33a9.19,9.19,0,0,1-7.09-2.7c-1.67-1.8-2-4.15-1.1-7.06L126.21,45h15.61l-18.31,57.21q-1,3.23,1.64,3.22t3.67-3.09L147.17,45h15.61Z\"></path>\n  (Session info: chrome=109.0.5414.119)\nBuild info: version: '3.141.59', revision: 'e82be7d358', time: '2018-11-14T08:17:03'\nSystem info: host: 'Nasar-MacBook-Air.local', ip: '2409:4072:e99:be32:50da:a403:9bd0:cc6b%en0', os.name: 'Mac OS X', os.arch: 'x86_64', os.version: '10.15.1', java.version: '1.8.0_212'\nDriver info: org.openqa.selenium.chrome.ChromeDriver\nCapabilities {acceptInsecureCerts: false, browserName: chrome, browserVersion: 109.0.5414.119, chrome: {chromedriverVersion: 109.0.5414.74 (e7c5703604da..., userDataDir: /var/folders/3c/n71_h9jd6rl...}, goog:chromeOptions: {debuggerAddress: localhost:65390}, javascriptEnabled: true, networkConnectionEnabled: false, pageLoadStrategy: normal, platform: MAC, platformName: MAC, proxy: Proxy(), setWindowRect: true, strictFileInteractability: false, timeouts: {implicit: 0, pageLoad: 300000, script: 30000}, unhandledPromptBehavior: dismiss and notify, webauthn:extension:credBlob: true, webauthn:extension:largeBlob: true, webauthn:virtualAuthenticators: true}\nSession ID: bb176e7f4f76c016f34b545d2f3e8c99\n\tat sun.reflect.NativeConstructorAccessorImpl.newInstance0(Native Method)\n\tat sun.reflect.NativeConstructorAccessorImpl.newInstance(NativeConstructorAccessorImpl.java:62)\n\tat sun.reflect.DelegatingConstructorAccessorImpl.newInstance(DelegatingConstructorAccessorImpl.java:45)\n\tat java.lang.reflect.Constructor.newInstance(Constructor.java:423)\n\tat org.openqa.selenium.remote.http.W3CHttpResponseCodec.createException(W3CHttpResponseCodec.java:187)\n\tat org.openqa.selenium.remote.http.W3CHttpResponseCodec.decode(W3CHttpResponseCodec.java:122)\n\tat org.openqa.selenium.remote.http.W3CHttpResponseCodec.decode(W3CHttpResponseCodec.java:49)\n\tat org.openqa.selenium.remote.HttpCommandExecutor.execute(HttpCommandExecutor.java:158)\n\tat org.openqa.selenium.remote.service.DriverCommandExecutor.execute(DriverCommandExecutor.java:83)\n\tat org.openqa.selenium.remote.RemoteWebDriver.execute(RemoteWebDriver.java:552)\n\tat org.openqa.selenium.remote.RemoteWebElement.execute(RemoteWebElement.java:285)\n\tat org.openqa.selenium.remote.RemoteWebElement.click(RemoteWebElement.java:84)\n\tat sun.reflect.NativeMethodAccessorImpl.invoke0(Native Method)\n\tat sun.reflect.NativeMethodAccessorImpl.invoke(NativeMethodAccessorImpl.java:62)\n\tat sun.reflect.DelegatingMethodAccessorImpl.invoke(DelegatingMethodAccessorImpl.java:43)\n\tat java.lang.reflect.Method.invoke(Method.java:498)\n\tat org.openqa.selenium.support.pagefactory.internal.LocatingElementHandler.invoke(LocatingElementHandler.java:51)\n\tat com.sun.proxy.$Proxy20.click(Unknown Source)\n\tat com.aussibum.actiondriver.Action.normalclick(Action.java:62)\n\tat com.aussibum.pageobject.HomePage.Click_0n_addtocart(HomePage.java:48)\n\tat com.aussibum.testcases.HomePageTest.Verify_Product_addedtocart_Tc01(HomePageTest.java:49)\n\tat sun.reflect.NativeMethodAccessorImpl.invoke0(Native Method)\n\tat sun.reflect.NativeMethodAccessorImpl.invoke(NativeMethodAccessorImpl.java:62)\n\tat sun.reflect.DelegatingMethodAccessorImpl.invoke(DelegatingMethodAccessorImpl.java:43)\n\tat java.lang.reflect.Method.invoke(Method.java:498)\n\tat org.testng.internal.MethodInvocationHelper.invokeMethod(MethodInvocationHelper.java:133)\n\tat org.testng.internal.TestInvoker.invokeMethod(TestInvoker.java:598)\n\tat org.testng.internal.TestInvoker.invokeTestMethod(TestInvoker.java:173)\n\tat org.testng.internal.MethodRunner.runInSequence(MethodRunner.java:46)\n\tat org.testng.internal.TestInvoker$MethodInvocationAgent.invoke(TestInvoker.java:824)\n\tat org.testng.internal.TestInvoker.invokeTestMethods(TestInvoker.java:146)\n\tat org.testng.internal.TestMethodWorker.invokeTestMethods(TestMethodWorker.java:146)\n\tat org.testng.internal.TestMethodWorker.run(TestMethodWorker.java:128)\n\tat java.util.ArrayList.forEach(ArrayList.java:1257)\n\tat org.testng.TestRunner.privateRun(TestRunner.java:794)\n\tat org.testng.TestRunner.run(TestRunner.java:596)\n\tat org.testng.SuiteRunner.runTest(SuiteRunner.java:377)\n\tat org.testng.SuiteRunner.runSequentially(SuiteRunner.java:371)\n\tat org.testng.SuiteRunner.privateRun(SuiteRunner.java:332)\n\tat org.testng.SuiteRunner.run(SuiteRunner.java:276)\n\tat org.testng.SuiteRunnerWorker.runSuite(SuiteRunnerWorker.java:53)\n\tat org.testng.SuiteRunnerWorker.run(SuiteRunnerWorker.java:96)\n\tat org.testng.TestNG.runSuitesSequentially(TestNG.java:1212)\n\tat org.testng.TestNG.runSuitesLocally(TestNG.java:1134)\n\tat org.testng.TestNG.runSuites(TestNG.java:1063)\n\tat org.testng.TestNG.run(TestNG.java:1031)\n\tat org.testng.remote.AbstractRemoteTestNG.run(AbstractRemoteTestNG.java:115)\n\tat org.testng.remote.RemoteTestNG.initAndRun(RemoteTestNG.java:251)\n\tat org.testng.remote.RemoteTestNG.main(RemoteTestNG.java:77)\n","steps":[{"name":"Click on the Under Wear button: {0} step...","time":{"start":1676791379672,"stop":1676791460591,"duration":80919},"status":"passed","steps":[],"attachments":[],"parameters":[],"stepsCount":0,"attachmentsCount":0,"shouldDisplayMessage":false,"hasContent":false},{"name":"Click on the Size of the selected product: {1} step...","time":{"start":1676791460592,"stop":1676791461238,"duration":646},"status":"passed","steps":[],"attachments":[],"parameters":[],"stepsCount":0,"attachmentsCount":0,"shouldDisplayMessage":false,"hasContent":false},{"name":"Click on the add to the cart: {2} step...","time":{"start":1676791461240,"stop":1676791462681,"duration":1441},"status":"broken","statusMessage":"element click intercepted: Element <span class=\"wt2m+Sz9-Oy4IjEgJy61sw==\">...</span> is not clickable at point (1197, 662). Other element would receive the click: <path class=\"cls-5\" d=\"M140.27,115.37H124.66l.75-2.36c-2.74,2.22-6.32,3.33-10.71,3.33a9.19,9.19,0,0,1-7.09-2.7c-1.67-1.8-2-4.15-1.1-7.06L126.21,45h15.61l-18.31,57.21q-1,3.23,1.64,3.22t3.67-3.09L147.17,45h15.61Z\"></path>\n  (Session info: chrome=109.0.5414.119)\nBuild info: version: '3.141.59', revision: 'e82be7d358', time: '2018-11-14T08:17:03'\nSystem info: host: 'Nasar-MacBook-Air.local', ip: '2409:4072:e99:be32:50da:a403:9bd0:cc6b%en0', os.name: 'Mac OS X', os.arch: 'x86_64', os.version: '10.15.1', java.version: '1.8.0_212'\nDriver info: org.openqa.selenium.chrome.ChromeDriver\nCapabilities {acceptInsecureCerts: false, browserName: chrome, browserVersion: 109.0.5414.119, chrome: {chromedriverVersion: 109.0.5414.74 (e7c5703604da..., userDataDir: /var/folders/3c/n71_h9jd6rl...}, goog:chromeOptions: {debuggerAddress: localhost:65390}, javascriptEnabled: true, networkConnectionEnabled: false, pageLoadStrategy: normal, platform: MAC, platformName: MAC, proxy: Proxy(), setWindowRect: true, strictFileInteractability: false, timeouts: {implicit: 0, pageLoad: 300000, script: 30000}, unhandledPromptBehavior: dismiss and notify, webauthn:extension:credBlob: true, webauthn:extension:largeBlob: true, webauthn:virtualAuthenticators: true}\nSession ID: bb176e7f4f76c016f34b545d2f3e8c99","statusTrace":"org.openqa.selenium.ElementClickInterceptedException: element click intercepted: Element <span class=\"wt2m+Sz9-Oy4IjEgJy61sw==\">...</span> is not clickable at point (1197, 662). Other element would receive the click: <path class=\"cls-5\" d=\"M140.27,115.37H124.66l.75-2.36c-2.74,2.22-6.32,3.33-10.71,3.33a9.19,9.19,0,0,1-7.09-2.7c-1.67-1.8-2-4.15-1.1-7.06L126.21,45h15.61l-18.31,57.21q-1,3.23,1.64,3.22t3.67-3.09L147.17,45h15.61Z\"></path>\n  (Session info: chrome=109.0.5414.119)\nBuild info: version: '3.141.59', revision: 'e82be7d358', time: '2018-11-14T08:17:03'\nSystem info: host: 'Nasar-MacBook-Air.local', ip: '2409:4072:e99:be32:50da:a403:9bd0:cc6b%en0', os.name: 'Mac OS X', os.arch: 'x86_64', os.version: '10.15.1', java.version: '1.8.0_212'\nDriver info: org.openqa.selenium.chrome.ChromeDriver\nCapabilities {acceptInsecureCerts: false, browserName: chrome, browserVersion: 109.0.5414.119, chrome: {chromedriverVersion: 109.0.5414.74 (e7c5703604da..., userDataDir: /var/folders/3c/n71_h9jd6rl...}, goog:chromeOptions: {debuggerAddress: localhost:65390}, javascriptEnabled: true, networkConnectionEnabled: false, pageLoadStrategy: normal, platform: MAC, platformName: MAC, proxy: Proxy(), setWindowRect: true, strictFileInteractability: false, timeouts: {implicit: 0, pageLoad: 300000, script: 30000}, unhandledPromptBehavior: dismiss and notify, webauthn:extension:credBlob: true, webauthn:extension:largeBlob: true, webauthn:virtualAuthenticators: true}\nSession ID: bb176e7f4f76c016f34b545d2f3e8c99\n\tat sun.reflect.NativeConstructorAccessorImpl.newInstance0(Native Method)\n\tat sun.reflect.NativeConstructorAccessorImpl.newInstance(NativeConstructorAccessorImpl.java:62)\n\tat sun.reflect.DelegatingConstructorAccessorImpl.newInstance(DelegatingConstructorAccessorImpl.java:45)\n\tat java.lang.reflect.Constructor.newInstance(Constructor.java:423)\n\tat org.openqa.selenium.remote.http.W3CHttpResponseCodec.createException(W3CHttpResponseCodec.java:187)\n\tat org.openqa.selenium.remote.http.W3CHttpResponseCodec.decode(W3CHttpResponseCodec.java:122)\n\tat org.openqa.selenium.remote.http.W3CHttpResponseCodec.decode(W3CHttpResponseCodec.java:49)\n\tat org.openqa.selenium.remote.HttpCommandExecutor.execute(HttpCommandExecutor.java:158)\n\tat org.openqa.selenium.remote.service.DriverCommandExecutor.execute(DriverCommandExecutor.java:83)\n\tat org.openqa.selenium.remote.RemoteWebDriver.execute(RemoteWebDriver.java:552)\n\tat org.openqa.selenium.remote.RemoteWebElement.execute(RemoteWebElement.java:285)\n\tat org.openqa.selenium.remote.RemoteWebElement.click(RemoteWebElement.java:84)\n\tat sun.reflect.NativeMethodAccessorImpl.invoke0(Native Method)\n\tat sun.reflect.NativeMethodAccessorImpl.invoke(NativeMethodAccessorImpl.java:62)\n\tat sun.reflect.DelegatingMethodAccessorImpl.invoke(DelegatingMethodAccessorImpl.java:43)\n\tat java.lang.reflect.Method.invoke(Method.java:498)\n\tat org.openqa.selenium.support.pagefactory.internal.LocatingElementHandler.invoke(LocatingElementHandler.java:51)\n\tat com.sun.proxy.$Proxy20.click(Unknown Source)\n\tat com.aussibum.actiondriver.Action.normalclick(Action.java:62)\n\tat com.aussibum.pageobject.HomePage.Click_0n_addtocart(HomePage.java:48)\n\tat com.aussibum.testcases.HomePageTest.Verify_Product_addedtocart_Tc01(HomePageTest.java:49)\n\tat sun.reflect.NativeMethodAccessorImpl.invoke0(Native Method)\n\tat sun.reflect.NativeMethodAccessorImpl.invoke(NativeMethodAccessorImpl.java:62)\n\tat sun.reflect.DelegatingMethodAccessorImpl.invoke(DelegatingMethodAccessorImpl.java:43)\n\tat java.lang.reflect.Method.invoke(Method.java:498)\n\tat org.testng.internal.MethodInvocationHelper.invokeMethod(MethodInvocationHelper.java:133)\n\tat org.testng.internal.TestInvoker.invokeMethod(TestInvoker.java:598)\n\tat org.testng.internal.TestInvoker.invokeTestMethod(TestInvoker.java:173)\n\tat org.testng.internal.MethodRunner.runInSequence(MethodRunner.java:46)\n\tat org.testng.internal.TestInvoker$MethodInvocationAgent.invoke(TestInvoker.java:824)\n\tat org.testng.internal.TestInvoker.invokeTestMethods(TestInvoker.java:146)\n\tat org.testng.internal.TestMethodWorker.invokeTestMethods(TestMethodWorker.java:146)\n\tat org.testng.internal.TestMethodWorker.run(TestMethodWorker.java:128)\n\tat java.util.ArrayList.forEach(ArrayList.java:1257)\n\tat org.testng.TestRunner.privateRun(TestRunner.java:794)\n\tat org.testng.TestRunner.run(TestRunner.java:596)\n\tat org.testng.SuiteRunner.runTest(SuiteRunner.java:377)\n\tat org.testng.SuiteRunner.runSequentially(SuiteRunner.java:371)\n\tat org.testng.SuiteRunner.privateRun(SuiteRunner.java:332)\n\tat org.testng.SuiteRunner.run(SuiteRunner.java:276)\n\tat org.testng.SuiteRunnerWorker.runSuite(SuiteRunnerWorker.java:53)\n\tat org.testng.SuiteRunnerWorker.run(SuiteRunnerWorker.java:96)\n\tat org.testng.TestNG.runSuitesSequentially(TestNG.java:1212)\n\tat org.testng.TestNG.runSuitesLocally(TestNG.java:1134)\n\tat org.testng.TestNG.runSuites(TestNG.java:1063)\n\tat org.testng.TestNG.run(TestNG.java:1031)\n\tat org.testng.remote.AbstractRemoteTestNG.run(AbstractRemoteTestNG.java:115)\n\tat org.testng.remote.RemoteTestNG.initAndRun(RemoteTestNG.java:251)\n\tat org.testng.remote.RemoteTestNG.main(RemoteTestNG.java:77)\n","steps":[],"attachments":[],"parameters":[],"stepsCount":0,"attachmentsCount":0,"shouldDisplayMessage":true,"hasContent":true}],"attachments":[],"parameters":[],"stepsCount":3,"attachmentsCount":0,"shouldDisplayMessage":false,"hasContent":true},"afterStages":[],"labels":[{"name":"package","value":"com.aussibum.testcases.HomePageTest"},{"name":"testClass","value":"com.aussibum.testcases.HomePageTest"},{"name":"testMethod","value":"Verify_Product_addedtocart_Tc01"},{"name":"parentSuite","value":" Aussibum Suite"},{"name":"suite","value":" Aussibum Test"},{"name":"subSuite","value":"com.aussibum.testcases.HomePageTest"},{"name":"host","value":"Nasar-MacBook-Air.local"},{"name":"thread","value":"21709@Nasar-MacBook-Air.local.main(1)"},{"name":"framework","value":"testng"},{"name":"language","value":"java"},{"name":"story","value":"Story Name: To Check product added to cart or not"},{"name":"severity","value":"normal"},{"name":"resultFormat","value":"allure2"}],"parameters":[{"name":"browser","value":"chrome"}],"links":[],"hidden":false,"retry":false,"extra":{"severity":"normal","retries":[{"uid":"329663202afddef8","status":"skipped","statusDetails":"element click intercepted: Element <span class=\"wt2m+Sz9-Oy4IjEgJy61sw==\">...</span> is not clickable at point (1197, 656). Other element would receive the click: <path class=\"cls-5\" d=\"M140.27,115.37H124.66l.75-2.36c-2.74,2.22-6.32,3.33-10.71,3.33a9.19,9.19,0,0,1-7.09-2.7c-1.67-1.8-2-4.15-1.1-7.06L126.21,45h15.61l-18.31,57.21q-1,3.23,1.64,3.22t3.67-3.09L147.17,45h15.61Z\"></path>\n  (Session info: chrome=109.0.5414.119)\nBuild info: version: '3.141.59', revision: 'e82be7d358', time: '2018-11-14T08:17:03'\nSystem info: host: 'Nasar-MacBook-Air.local', ip: '2409:4072:e99:be32:50da:a403:9bd0:cc6b%en0', os.name: 'Mac OS X', os.arch: 'x86_64', os.version: '10.15.1', java.version: '1.8.0_212'\nDriver info: org.openqa.selenium.chrome.ChromeDriver\nCapabilities {acceptInsecureCerts: false, browserName: chrome, browserVersion: 109.0.5414.119, chrome: {chromedriverVersion: 109.0.5414.74 (e7c5703604da..., userDataDir: /var/folders/3c/n71_h9jd6rl...}, goog:chromeOptions: {debuggerAddress: localhost:65181}, javascriptEnabled: true, networkConnectionEnabled: false, pageLoadStrategy: normal, platform: MAC, platformName: MAC, proxy: Proxy(), setWindowRect: true, strictFileInteractability: false, timeouts: {implicit: 0, pageLoad: 300000, script: 30000}, unhandledPromptBehavior: dismiss and notify, webauthn:extension:credBlob: true, webauthn:extension:largeBlob: true, webauthn:virtualAuthenticators: true}\nSession ID: bdc103eaf458d604384ff0c1f2dece6d","time":{"start":1676791091670,"stop":1676791175372,"duration":83702}},{"uid":"e1dc540795dd0314","status":"skipped","statusDetails":"element click intercepted: Element <span class=\"wt2m+Sz9-Oy4IjEgJy61sw==\">...</span> is not clickable at point (1197, 668). Other element would receive the click: <path class=\"cls-5\" d=\"M140.27,115.37H124.66l.75-2.36c-2.74,2.22-6.32,3.33-10.71,3.33a9.19,9.19,0,0,1-7.09-2.7c-1.67-1.8-2-4.15-1.1-7.06L126.21,45h15.61l-18.31,57.21q-1,3.23,1.64,3.22t3.67-3.09L147.17,45h15.61Z\"></path>\n  (Session info: chrome=109.0.5414.119)\nBuild info: version: '3.141.59', revision: 'e82be7d358', time: '2018-11-14T08:17:03'\nSystem info: host: 'Nasar-MacBook-Air.local', ip: '2409:4072:e99:be32:50da:a403:9bd0:cc6b%en0', os.name: 'Mac OS X', os.arch: 'x86_64', os.version: '10.15.1', java.version: '1.8.0_212'\nDriver info: org.openqa.selenium.chrome.ChromeDriver\nCapabilities {acceptInsecureCerts: false, browserName: chrome, browserVersion: 109.0.5414.119, chrome: {chromedriverVersion: 109.0.5414.74 (e7c5703604da..., userDataDir: /var/folders/3c/n71_h9jd6rl...}, goog:chromeOptions: {debuggerAddress: localhost:64906}, javascriptEnabled: true, networkConnectionEnabled: false, pageLoadStrategy: normal, platform: MAC, platformName: MAC, proxy: Proxy(), setWindowRect: true, strictFileInteractability: false, timeouts: {implicit: 0, pageLoad: 300000, script: 30000}, unhandledPromptBehavior: dismiss and notify, webauthn:extension:credBlob: true, webauthn:extension:largeBlob: true, webauthn:virtualAuthenticators: true}\nSession ID: 5917094274d941b3ca5bffc7ad43b5f4","time":{"start":1676790761969,"stop":1676790888503,"duration":126534}},{"uid":"305b4a4d45abf53f","status":"skipped","statusDetails":"timeout: Timed out receiving message from renderer: 116.447\n  (Session info: chrome=109.0.5414.119)\nBuild info: version: '3.141.59', revision: 'e82be7d358', time: '2018-11-14T08:17:03'\nSystem info: host: 'Nasar-MacBook-Air.local', ip: '2409:4072:e99:be32:50da:a403:9bd0:cc6b%en0', os.name: 'Mac OS X', os.arch: 'x86_64', os.version: '10.15.1', java.version: '1.8.0_212'\nDriver info: org.openqa.selenium.chrome.ChromeDriver\nCapabilities {acceptInsecureCerts: false, browserName: chrome, browserVersion: 109.0.5414.119, chrome: {chromedriverVersion: 109.0.5414.74 (e7c5703604da..., userDataDir: /var/folders/3c/n71_h9jd6rl...}, goog:chromeOptions: {debuggerAddress: localhost:64712}, javascriptEnabled: true, networkConnectionEnabled: false, pageLoadStrategy: normal, platform: MAC, platformName: MAC, proxy: Proxy(), setWindowRect: true, strictFileInteractability: false, timeouts: {implicit: 0, pageLoad: 300000, script: 30000}, unhandledPromptBehavior: dismiss and notify, webauthn:extension:credBlob: true, webauthn:extension:largeBlob: true, webauthn:virtualAuthenticators: true}\nSession ID: adfc46e2d927929d54ede9a45fd8c7ee","time":{"start":1676790503487,"stop":1676790503522,"duration":35}},{"uid":"c2c29304d9ffe17e","status":"skipped","statusDetails":"timeout: Timed out receiving message from renderer: 117.213\n  (Session info: chrome=109.0.5414.119)\nBuild info: version: '3.141.59', revision: 'e82be7d358', time: '2018-11-14T08:17:03'\nSystem info: host: 'Nasar-MacBook-Air.local', ip: '2409:4072:e99:be32:50da:a403:9bd0:cc6b%en0', os.name: 'Mac OS X', os.arch: 'x86_64', os.version: '10.15.1', java.version: '1.8.0_212'\nDriver info: org.openqa.selenium.chrome.ChromeDriver\nCapabilities {acceptInsecureCerts: false, browserName: chrome, browserVersion: 109.0.5414.119, chrome: {chromedriverVersion: 109.0.5414.74 (e7c5703604da..., userDataDir: /var/folders/3c/n71_h9jd6rl...}, goog:chromeOptions: {debuggerAddress: localhost:64493}, javascriptEnabled: true, networkConnectionEnabled: false, pageLoadStrategy: normal, platform: MAC, platformName: MAC, proxy: Proxy(), setWindowRect: true, strictFileInteractability: false, timeouts: {implicit: 0, pageLoad: 300000, script: 30000}, unhandledPromptBehavior: dismiss and notify, webauthn:extension:credBlob: true, webauthn:extension:largeBlob: true, webauthn:virtualAuthenticators: true}\nSession ID: 20b51c0997ec7d8b297b6deb11bdbf1e","time":{"start":1676790276494,"stop":1676790276528,"duration":34}},{"uid":"18dc1f7212004afb","status":"passed","time":{"start":1676788447453,"stop":1676788612929,"duration":165476}},{"uid":"431ef25212a2adb4","status":"passed","time":{"start":1676788154087,"stop":1676788322600,"duration":168513}},{"uid":"6d212921fdc44d17","status":"passed","time":{"start":1676787901653,"stop":1676788046010,"duration":144357}},{"uid":"5cb299ffaf0aafb7","status":"skipped","statusDetails":"timeout: Timed out receiving message from renderer: 28.284\n  (Session info: chrome=109.0.5414.119)\nBuild info: version: '3.141.59', revision: 'e82be7d358', time: '2018-11-14T08:17:03'\nSystem info: host: 'Nasar-MacBook-Air.local', ip: '2409:4072:e99:be32:50da:a403:9bd0:cc6b%en0', os.name: 'Mac OS X', os.arch: 'x86_64', os.version: '10.15.1', java.version: '1.8.0_212'\nDriver info: org.openqa.selenium.chrome.ChromeDriver\nCapabilities {acceptInsecureCerts: false, browserName: chrome, browserVersion: 109.0.5414.119, chrome: {chromedriverVersion: 109.0.5414.74 (e7c5703604da..., userDataDir: /var/folders/3c/n71_h9jd6rl...}, goog:chromeOptions: {debuggerAddress: localhost:58310}, javascriptEnabled: true, networkConnectionEnabled: false, pageLoadStrategy: normal, platform: MAC, platformName: MAC, proxy: Proxy(), setWindowRect: true, strictFileInteractability: false, timeouts: {implicit: 0, pageLoad: 300000, script: 30000}, unhandledPromptBehavior: dismiss and notify, webauthn:extension:credBlob: true, webauthn:extension:largeBlob: true, webauthn:virtualAuthenticators: true}\nSession ID: afad390f772b917bafc3ea3196d22292","time":{"start":1676787695903,"stop":1676787695920,"duration":17}},{"uid":"6dbd371a04479c61","status":"passed","time":{"start":1676787437639,"stop":1676787591772,"duration":154133}},{"uid":"974c205e1af8c5d7","status":"passed","time":{"start":1676787146212,"stop":1676787273337,"duration":127125}},{"uid":"e755d4db772f8b57","status":"skipped","statusDetails":"no such window: target window already closed\nfrom unknown error: web view not found\n  (Session info: chrome=109.0.5414.119)\nBuild info: version: '3.141.59', revision: 'e82be7d358', time: '2018-11-14T08:17:03'\nSystem info: host: 'Nasar-MacBook-Air.local', ip: '2409:4072:e99:be32:50da:a403:9bd0:cc6b%en0', os.name: 'Mac OS X', os.arch: 'x86_64', os.version: '10.15.1', java.version: '1.8.0_212'\nDriver info: org.openqa.selenium.chrome.ChromeDriver\nCapabilities {acceptInsecureCerts: false, browserName: chrome, browserVersion: 109.0.5414.119, chrome: {chromedriverVersion: 109.0.5414.74 (e7c5703604da..., userDataDir: /var/folders/3c/n71_h9jd6rl...}, goog:chromeOptions: {debuggerAddress: localhost:50643}, javascriptEnabled: true, networkConnectionEnabled: false, pageLoadStrategy: normal, platform: MAC, platformName: MAC, proxy: Proxy(), setWindowRect: true, strictFileInteractability: false, timeouts: {implicit: 0, pageLoad: 300000, script: 30000}, unhandledPromptBehavior: dismiss and notify, webauthn:extension:credBlob: true, webauthn:extension:largeBlob: true, webauthn:virtualAuthenticators: true}\nSession ID: 1d1085721913e3a99d51c6efad714424\n*** Element info: {Using=xpath, value=//*[@id=\"productList\"]/div[1]/div/div/div[2]/div/div[2]/div[6]/div/div[3]/div/span}","time":{"start":1676786057845,"stop":1676786162124,"duration":104279}},{"uid":"7629f5c77a1b288e","status":"passed","time":{"start":1676785732970,"stop":1676785930355,"duration":197385}},{"uid":"d65b372e697bb6d5","status":"passed","time":{"start":1676785450888,"stop":1676785577366,"duration":126478}},{"uid":"7c60fad837ae9397","status":"passed","time":{"start":1676784789627,"stop":1676784901881,"duration":112254}},{"uid":"5b584ba1b52e021","status":"passed","time":{"start":1676784547193,"stop":1676784639609,"duration":92416}},{"uid":"c39cea189488795","status":"skipped","statusDetails":"timeout: Timed out receiving message from renderer: 114.591\n  (Session info: chrome=109.0.5414.119)\nBuild info: version: '3.141.59', revision: 'e82be7d358', time: '2018-11-14T08:17:03'\nSystem info: host: 'Nasar-MacBook-Air.local', ip: '2409:4072:e99:be32:50da:a403:9bd0:cc6b%en0', os.name: 'Mac OS X', os.arch: 'x86_64', os.version: '10.15.1', java.version: '1.8.0_212'\nDriver info: org.openqa.selenium.chrome.ChromeDriver\nCapabilities {acceptInsecureCerts: false, browserName: chrome, browserVersion: 109.0.5414.119, chrome: {chromedriverVersion: 109.0.5414.74 (e7c5703604da..., userDataDir: /var/folders/3c/n71_h9jd6rl...}, goog:chromeOptions: {debuggerAddress: localhost:58752}, javascriptEnabled: true, networkConnectionEnabled: false, pageLoadStrategy: normal, platform: MAC, platformName: MAC, proxy: Proxy(), setWindowRect: true, strictFileInteractability: false, timeouts: {implicit: 0, pageLoad: 300000, script: 30000}, unhandledPromptBehavior: dismiss and notify, webauthn:extension:credBlob: true, webauthn:extension:largeBlob: true, webauthn:virtualAuthenticators: true}\nSession ID: 5befeee9692a1fc88b301ac4594e6128","time":{"start":1676784346909,"stop":1676784347011,"duration":102}},{"uid":"aee58cf99de89585","status":"skipped","statusDetails":"timeout: Timed out receiving message from renderer: 117.424\n  (Session info: chrome=109.0.5414.119)\nBuild info: version: '3.141.59', revision: 'e82be7d358', time: '2018-11-14T08:17:03'\nSystem info: host: 'Nasar-MacBook-Air.local', ip: '2409:4072:e99:be32:50da:a403:9bd0:cc6b%en0', os.name: 'Mac OS X', os.arch: 'x86_64', os.version: '10.15.1', java.version: '1.8.0_212'\nDriver info: org.openqa.selenium.chrome.ChromeDriver\nCapabilities {acceptInsecureCerts: false, browserName: chrome, browserVersion: 109.0.5414.119, chrome: {chromedriverVersion: 109.0.5414.74 (e7c5703604da..., userDataDir: /var/folders/3c/n71_h9jd6rl...}, goog:chromeOptions: {debuggerAddress: localhost:57494}, javascriptEnabled: true, networkConnectionEnabled: false, pageLoadStrategy: normal, platform: MAC, platformName: MAC, proxy: Proxy(), setWindowRect: true, strictFileInteractability: false, timeouts: {implicit: 0, pageLoad: 300000, script: 30000}, unhandledPromptBehavior: dismiss and notify, webauthn:extension:credBlob: true, webauthn:extension:largeBlob: true, webauthn:virtualAuthenticators: true}\nSession ID: 26774dd2452aa19a77112c1830e470b8","time":{"start":1676784087202,"stop":1676784087227,"duration":25}},{"uid":"5bda6f0ff6ec9827","status":"skipped","statusDetails":"timeout: Timed out receiving message from renderer: 118.124\n  (Session info: chrome=109.0.5414.119)\nBuild info: version: '3.141.59', revision: 'e82be7d358', time: '2018-11-14T08:17:03'\nSystem info: host: 'Nasar-MacBook-Air.local', ip: '2409:4072:e99:be32:50da:a403:9bd0:cc6b%en0', os.name: 'Mac OS X', os.arch: 'x86_64', os.version: '10.15.1', java.version: '1.8.0_212'\nDriver info: org.openqa.selenium.chrome.ChromeDriver\nCapabilities {acceptInsecureCerts: false, browserName: chrome, browserVersion: 109.0.5414.119, chrome: {chromedriverVersion: 109.0.5414.74 (e7c5703604da..., userDataDir: /var/folders/3c/n71_h9jd6rl...}, goog:chromeOptions: {debuggerAddress: localhost:56697}, javascriptEnabled: true, networkConnectionEnabled: false, pageLoadStrategy: normal, platform: MAC, platformName: MAC, proxy: Proxy(), setWindowRect: true, strictFileInteractability: false, timeouts: {implicit: 0, pageLoad: 300000, script: 30000}, unhandledPromptBehavior: dismiss and notify, webauthn:extension:credBlob: true, webauthn:extension:largeBlob: true, webauthn:virtualAuthenticators: true}\nSession ID: 8ebc4aa1f5dc2e4d389323cf427b5829","time":{"start":1676783938346,"stop":1676783938416,"duration":70}},{"uid":"5ba252c23fb1cd17","status":"skipped","statusDetails":"timeout: Timed out receiving message from renderer: 117.778\n  (Session info: chrome=109.0.5414.119)\nBuild info: version: '3.141.59', revision: 'e82be7d358', time: '2018-11-14T08:17:03'\nSystem info: host: 'Nasar-MacBook-Air.local', ip: '2409:4072:e99:be32:50da:a403:9bd0:cc6b%en0', os.name: 'Mac OS X', os.arch: 'x86_64', os.version: '10.15.1', java.version: '1.8.0_212'\nDriver info: org.openqa.selenium.chrome.ChromeDriver\nCapabilities {acceptInsecureCerts: false, browserName: chrome, browserVersion: 109.0.5414.119, chrome: {chromedriverVersion: 109.0.5414.74 (e7c5703604da..., userDataDir: /var/folders/3c/n71_h9jd6rl...}, goog:chromeOptions: {debuggerAddress: localhost:55730}, javascriptEnabled: true, networkConnectionEnabled: false, pageLoadStrategy: normal, platform: MAC, platformName: MAC, proxy: Proxy(), setWindowRect: true, strictFileInteractability: false, timeouts: {implicit: 0, pageLoad: 300000, script: 30000}, unhandledPromptBehavior: dismiss and notify, webauthn:extension:credBlob: true, webauthn:extension:largeBlob: true, webauthn:virtualAuthenticators: true}\nSession ID: fd45f673e2a8feb24ba11140a769785e","time":{"start":1676783739580,"stop":1676783739611,"duration":31}},{"uid":"1618ebe48712cae7","status":"skipped","statusDetails":"timeout: Timed out receiving message from renderer: 117.421\n  (Session info: chrome=109.0.5414.119)\nBuild info: version: '3.141.59', revision: 'e82be7d358', time: '2018-11-14T08:17:03'\nSystem info: host: 'Nasar-MacBook-Air.local', ip: '2409:4072:e99:be32:50da:a403:9bd0:cc6b%en0', os.name: 'Mac OS X', os.arch: 'x86_64', os.version: '10.15.1', java.version: '1.8.0_212'\nDriver info: org.openqa.selenium.chrome.ChromeDriver\nCapabilities {acceptInsecureCerts: false, browserName: chrome, browserVersion: 109.0.5414.119, chrome: {chromedriverVersion: 109.0.5414.74 (e7c5703604da..., userDataDir: /var/folders/3c/n71_h9jd6rl...}, goog:chromeOptions: {debuggerAddress: localhost:54550}, javascriptEnabled: true, networkConnectionEnabled: false, pageLoadStrategy: normal, platform: MAC, platformName: MAC, proxy: Proxy(), setWindowRect: true, strictFileInteractability: false, timeouts: {implicit: 0, pageLoad: 300000, script: 30000}, unhandledPromptBehavior: dismiss and notify, webauthn:extension:credBlob: true, webauthn:extension:largeBlob: true, webauthn:virtualAuthenticators: true}\nSession ID: bca4f6d132d9efb30f4dee9382a56781","time":{"start":1676783488357,"stop":1676783488389,"duration":32}},{"uid":"deb61b56bf6821d9","status":"passed","time":{"start":1676783146596,"stop":1676783302234,"duration":155638}},{"uid":"8189760359205430","status":"passed","time":{"start":1676782786680,"stop":1676782877221,"duration":90541}},{"uid":"26525423083460bc","status":"skipped","statusDetails":"timeout: Timed out receiving message from renderer: 57.887\n  (Session info: chrome=109.0.5414.119)\nBuild info: version: '3.141.59', revision: 'e82be7d358', time: '2018-11-14T08:17:03'\nSystem info: host: 'Nasar-Air', ip: '2401:4900:2318:7db8:2531:9ef:8651:d6dc%en0', os.name: 'Mac OS X', os.arch: 'x86_64', os.version: '10.15.1', java.version: '1.8.0_212'\nDriver info: org.openqa.selenium.chrome.ChromeDriver\nCapabilities {acceptInsecureCerts: false, browserName: chrome, browserVersion: 109.0.5414.119, chrome: {chromedriverVersion: 109.0.5414.74 (e7c5703604da..., userDataDir: /var/folders/3c/n71_h9jd6rl...}, goog:chromeOptions: {debuggerAddress: localhost:51428}, javascriptEnabled: true, networkConnectionEnabled: false, pageLoadStrategy: normal, platform: MAC, platformName: MAC, proxy: Proxy(), setWindowRect: true, strictFileInteractability: false, timeouts: {implicit: 0, pageLoad: 300000, script: 30000}, unhandledPromptBehavior: dismiss and notify, webauthn:extension:credBlob: true, webauthn:extension:largeBlob: true, webauthn:virtualAuthenticators: true}\nSession ID: 49f4a9e733aeb4e9db7a1eb911290fad","time":{"start":1676782106701,"stop":1676782106749,"duration":48}},{"uid":"ae632c290fc72fb6","status":"skipped","statusDetails":"timeout: Timed out receiving message from renderer: 58.052\n  (Session info: chrome=109.0.5414.119)\nBuild info: version: '3.141.59', revision: 'e82be7d358', time: '2018-11-14T08:17:03'\nSystem info: host: 'Nasar-Air', ip: '2401:4900:2318:7db8:2531:9ef:8651:d6dc%en0', os.name: 'Mac OS X', os.arch: 'x86_64', os.version: '10.15.1', java.version: '1.8.0_212'\nDriver info: org.openqa.selenium.chrome.ChromeDriver\nCapabilities {acceptInsecureCerts: false, browserName: chrome, browserVersion: 109.0.5414.119, chrome: {chromedriverVersion: 109.0.5414.74 (e7c5703604da..., userDataDir: /var/folders/3c/n71_h9jd6rl...}, goog:chromeOptions: {debuggerAddress: localhost:51315}, javascriptEnabled: true, networkConnectionEnabled: false, pageLoadStrategy: normal, platform: MAC, platformName: MAC, proxy: Proxy(), setWindowRect: true, strictFileInteractability: false, timeouts: {implicit: 0, pageLoad: 300000, script: 30000}, unhandledPromptBehavior: dismiss and notify, webauthn:extension:credBlob: true, webauthn:extension:largeBlob: true, webauthn:virtualAuthenticators: true}\nSession ID: 57f01cbb1558129058a1ffb425559333","time":{"start":1676781958221,"stop":1676781958288,"duration":67}},{"uid":"38e34fc2c6dab25a","status":"skipped","statusDetails":"timeout: Timed out receiving message from renderer: 55.689\n  (Session info: chrome=109.0.5414.119)\nBuild info: version: '3.141.59', revision: 'e82be7d358', time: '2018-11-14T08:17:03'\nSystem info: host: 'Nasar-Air', ip: '2401:4900:2318:7db8:2531:9ef:8651:d6dc%en0', os.name: 'Mac OS X', os.arch: 'x86_64', os.version: '10.15.1', java.version: '1.8.0_212'\nDriver info: org.openqa.selenium.chrome.ChromeDriver\nCapabilities {acceptInsecureCerts: false, browserName: chrome, browserVersion: 109.0.5414.119, chrome: {chromedriverVersion: 109.0.5414.74 (e7c5703604da..., userDataDir: /var/folders/3c/n71_h9jd6rl...}, goog:chromeOptions: {debuggerAddress: localhost:51072}, javascriptEnabled: true, networkConnectionEnabled: false, pageLoadStrategy: normal, platform: MAC, platformName: MAC, proxy: Proxy(), setWindowRect: true, strictFileInteractability: false, timeouts: {implicit: 0, pageLoad: 300000, script: 30000}, unhandledPromptBehavior: dismiss and notify, webauthn:extension:credBlob: true, webauthn:extension:largeBlob: true, webauthn:virtualAuthenticators: true}\nSession ID: ff6ff34371e3b51e81b320ffcb75a313","time":{"start":1676781586803,"stop":1676781586834,"duration":31}},{"uid":"a6aae476b36a76a2","status":"skipped","statusDetails":"timeout: Timed out receiving message from renderer: 58.102\n  (Session info: chrome=109.0.5414.119)\nBuild info: version: '3.141.59', revision: 'e82be7d358', time: '2018-11-14T08:17:03'\nSystem info: host: 'Nasar-Air', ip: '2401:4900:2318:7db8:2531:9ef:8651:d6dc%en0', os.name: 'Mac OS X', os.arch: 'x86_64', os.version: '10.15.1', java.version: '1.8.0_212'\nDriver info: org.openqa.selenium.chrome.ChromeDriver\nCapabilities {acceptInsecureCerts: false, browserName: chrome, browserVersion: 109.0.5414.119, chrome: {chromedriverVersion: 109.0.5414.74 (e7c5703604da..., userDataDir: /var/folders/3c/n71_h9jd6rl...}, goog:chromeOptions: {debuggerAddress: localhost:50914}, javascriptEnabled: true, networkConnectionEnabled: false, pageLoadStrategy: normal, platform: MAC, platformName: MAC, proxy: Proxy(), setWindowRect: true, strictFileInteractability: false, timeouts: {implicit: 0, pageLoad: 300000, script: 30000}, unhandledPromptBehavior: dismiss and notify, webauthn:extension:credBlob: true, webauthn:extension:largeBlob: true, webauthn:virtualAuthenticators: true}\nSession ID: 1843219a9d7c0cff301f2fab495ad61f","time":{"start":1676781415067,"stop":1676781415090,"duration":23}},{"uid":"2cf2b7953c643dbc","status":"skipped","statusDetails":"timeout: Timed out receiving message from renderer: 58.123\n  (Session info: chrome=109.0.5414.119)\nBuild info: version: '3.141.59', revision: 'e82be7d358', time: '2018-11-14T08:17:03'\nSystem info: host: 'Nasar-MacBook-Air.local', ip: '2409:4072:e99:be32:89fb:fab8:348f:43e2%en0', os.name: 'Mac OS X', os.arch: 'x86_64', os.version: '10.15.1', java.version: '1.8.0_212'\nDriver info: org.openqa.selenium.chrome.ChromeDriver\nCapabilities {acceptInsecureCerts: false, browserName: chrome, browserVersion: 109.0.5414.119, chrome: {chromedriverVersion: 109.0.5414.74 (e7c5703604da..., userDataDir: /var/folders/3c/n71_h9jd6rl...}, goog:chromeOptions: {debuggerAddress: localhost:50753}, javascriptEnabled: true, networkConnectionEnabled: false, pageLoadStrategy: normal, platform: MAC, platformName: MAC, proxy: Proxy(), setWindowRect: true, strictFileInteractability: false, timeouts: {implicit: 0, pageLoad: 300000, script: 30000}, unhandledPromptBehavior: dismiss and notify, webauthn:extension:credBlob: true, webauthn:extension:largeBlob: true, webauthn:virtualAuthenticators: true}\nSession ID: 7352a42357fe934f645764d4438b615e","time":{"start":1676781250216,"stop":1676781250269,"duration":53}},{"uid":"f84ace9fac059b0","status":"skipped","statusDetails":"timeout: Timed out receiving message from renderer: 37.584\n  (Session info: chrome=109.0.5414.119)\nBuild info: version: '3.141.59', revision: 'e82be7d358', time: '2018-11-14T08:17:03'\nSystem info: host: 'Nasar-MacBook-Air.local', ip: '2409:4072:e99:be32:89fb:fab8:348f:43e2%en0', os.name: 'Mac OS X', os.arch: 'x86_64', os.version: '10.15.1', java.version: '1.8.0_212'\nDriver info: org.openqa.selenium.chrome.ChromeDriver\nCapabilities {acceptInsecureCerts: false, browserName: chrome, browserVersion: 109.0.5414.119, chrome: {chromedriverVersion: 109.0.5414.74 (e7c5703604da..., userDataDir: /var/folders/3c/n71_h9jd6rl...}, goog:chromeOptions: {debuggerAddress: localhost:50271}, javascriptEnabled: true, networkConnectionEnabled: false, pageLoadStrategy: normal, platform: MAC, platformName: MAC, proxy: Proxy(), setWindowRect: true, strictFileInteractability: false, timeouts: {implicit: 0, pageLoad: 300000, script: 30000}, unhandledPromptBehavior: dismiss and notify, webauthn:extension:credBlob: true, webauthn:extension:largeBlob: true, webauthn:virtualAuthenticators: true}\nSession ID: 5e387f4abbe63efd460b3c124d6bea8b","time":{"start":1676780987284,"stop":1676780987342,"duration":58}},{"uid":"cc6a79a8b00e817b","status":"skipped","statusDetails":"timeout: Timed out receiving message from renderer: 37.997\n  (Session info: chrome=109.0.5414.119)\nBuild info: version: '3.141.59', revision: 'e82be7d358', time: '2018-11-14T08:17:03'\nSystem info: host: 'Nasar-MacBook-Air.local', ip: '2409:4072:e99:be32:89fb:fab8:348f:43e2%en0', os.name: 'Mac OS X', os.arch: 'x86_64', os.version: '10.15.1', java.version: '1.8.0_212'\nDriver info: org.openqa.selenium.chrome.ChromeDriver\nCapabilities {acceptInsecureCerts: false, browserName: chrome, browserVersion: 109.0.5414.119, chrome: {chromedriverVersion: 109.0.5414.74 (e7c5703604da..., userDataDir: /var/folders/3c/n71_h9jd6rl...}, goog:chromeOptions: {debuggerAddress: localhost:50152}, javascriptEnabled: true, networkConnectionEnabled: false, pageLoadStrategy: normal, platform: MAC, platformName: MAC, proxy: Proxy(), setWindowRect: true, strictFileInteractability: false, timeouts: {implicit: 0, pageLoad: 300000, script: 30000}, unhandledPromptBehavior: dismiss and notify, webauthn:extension:credBlob: true, webauthn:extension:largeBlob: true, webauthn:virtualAuthenticators: true}\nSession ID: 0834dd943922d7987489d5cda27deef5","time":{"start":1676780887806,"stop":1676780887835,"duration":29}},{"uid":"109760e4fe77bdc5","status":"skipped","statusDetails":"timeout: Timed out receiving message from renderer: 38.014\n  (Session info: chrome=109.0.5414.119)\nBuild info: version: '3.141.59', revision: 'e82be7d358', time: '2018-11-14T08:17:03'\nSystem info: host: 'Nasar-MacBook-Air.local', ip: '2409:4072:e99:be32:89fb:fab8:348f:43e2%en0', os.name: 'Mac OS X', os.arch: 'x86_64', os.version: '10.15.1', java.version: '1.8.0_212'\nDriver info: org.openqa.selenium.chrome.ChromeDriver\nCapabilities {acceptInsecureCerts: false, browserName: chrome, browserVersion: 109.0.5414.119, chrome: {chromedriverVersion: 109.0.5414.74 (e7c5703604da..., userDataDir: /var/folders/3c/n71_h9jd6rl...}, goog:chromeOptions: {debuggerAddress: localhost:50020}, javascriptEnabled: true, networkConnectionEnabled: false, pageLoadStrategy: normal, platform: MAC, platformName: MAC, proxy: Proxy(), setWindowRect: true, strictFileInteractability: false, timeouts: {implicit: 0, pageLoad: 300000, script: 30000}, unhandledPromptBehavior: dismiss and notify, webauthn:extension:credBlob: true, webauthn:extension:largeBlob: true, webauthn:virtualAuthenticators: true}\nSession ID: 51281ba1179eefcfd033f33c9787bc8f","time":{"start":1676780814613,"stop":1676780814639,"duration":26}},{"uid":"7f27673edcfca6f5","status":"passed","time":{"start":1676548028749,"stop":1676548065233,"duration":36484}},{"uid":"8fb66e351762f54a","status":"passed","time":{"start":1676547893534,"stop":1676547956211,"duration":62677}},{"uid":"1d0e8801ae42874","status":"passed","time":{"start":1676547512169,"stop":1676547558760,"duration":46591}},{"uid":"1431b00e2e5d6d21","status":"skipped","statusDetails":"stale element reference: element is not attached to the page document\n  (Session info: chrome=109.0.5414.119)\nFor documentation on this error, please visit: https://www.seleniumhq.org/exceptions/stale_element_reference.html\nBuild info: version: '3.141.59', revision: 'e82be7d358', time: '2018-11-14T08:17:03'\nSystem info: host: 'ip-192-168-1-13.ap-southeast-2.compute.internal', ip: 'fe80:0:0:0:79:2003:42bf:a4db%en0', os.name: 'Mac OS X', os.arch: 'x86_64', os.version: '10.15.1', java.version: '1.8.0_212'\nDriver info: org.openqa.selenium.chrome.ChromeDriver\nCapabilities {acceptInsecureCerts: false, browserName: chrome, browserVersion: 109.0.5414.119, chrome: {chromedriverVersion: 109.0.5414.74 (e7c5703604da..., userDataDir: /var/folders/3c/n71_h9jd6rl...}, goog:chromeOptions: {debuggerAddress: localhost:54161}, javascriptEnabled: true, networkConnectionEnabled: false, pageLoadStrategy: normal, platform: MAC, platformName: MAC, proxy: Proxy(), setWindowRect: true, strictFileInteractability: false, timeouts: {implicit: 0, pageLoad: 300000, script: 30000}, unhandledPromptBehavior: dismiss and notify, webauthn:extension:credBlob: true, webauthn:extension:largeBlob: true, webauthn:virtualAuthenticators: true}\nSession ID: 7e195079d778cb3124b8575669c37814","time":{"start":1676547380272,"stop":1676547423991,"duration":43719}},{"uid":"4113d033c0e27061","status":"passed","time":{"start":1676547242486,"stop":1676547269670,"duration":27184}},{"uid":"d0f0653c915d078b","status":"passed","time":{"start":1676547131027,"stop":1676547154717,"duration":23690}},{"uid":"ace52cdf509f984a","status":"passed","time":{"start":1676546972517,"stop":1676546991181,"duration":18664}},{"uid":"51ec8d3d20a81d29","status":"passed","time":{"start":1676546653383,"stop":1676546679107,"duration":25724}},{"uid":"46cf7e6cc016cf94","status":"skipped","statusDetails":"unknown error: cannot determine loading status\nfrom target frame detached\n  (Session info: chrome=109.0.5414.119)\nBuild info: version: '3.141.59', revision: 'e82be7d358', time: '2018-11-14T08:17:03'\nSystem info: host: 'ip-192-168-1-13.ap-southeast-2.compute.internal', ip: 'fe80:0:0:0:79:2003:42bf:a4db%en0', os.name: 'Mac OS X', os.arch: 'x86_64', os.version: '10.15.1', java.version: '1.8.0_212'\nDriver info: org.openqa.selenium.chrome.ChromeDriver\nCapabilities {acceptInsecureCerts: false, browserName: chrome, browserVersion: 109.0.5414.119, chrome: {chromedriverVersion: 109.0.5414.74 (e7c5703604da..., userDataDir: /var/folders/3c/n71_h9jd6rl...}, goog:chromeOptions: {debuggerAddress: localhost:51017}, javascriptEnabled: true, networkConnectionEnabled: false, pageLoadStrategy: normal, platform: MAC, platformName: MAC, proxy: Proxy(), setWindowRect: true, strictFileInteractability: false, timeouts: {implicit: 0, pageLoad: 300000, script: 30000}, unhandledPromptBehavior: dismiss and notify, webauthn:extension:credBlob: true, webauthn:extension:largeBlob: true, webauthn:virtualAuthenticators: true}\nSession ID: cd0232504dc909e0a65aa27c09c59b2c","time":{"start":1676546585574,"stop":1676546608533,"duration":22959}},{"uid":"26c57d27032e1676","status":"passed","time":{"start":1676546520297,"stop":1676546544637,"duration":24340}},{"uid":"160b1d17a0130e4f","status":"passed","time":{"start":1676546440845,"stop":1676546457722,"duration":16877}},{"uid":"b9b00d97cc70f00a","status":"passed","time":{"start":1676546257093,"stop":1676546279853,"duration":22760}},{"uid":"277d7745ebc0d11f","status":"skipped","statusDetails":"stale element reference: element is not attached to the page document\n  (Session info: chrome=109.0.5414.119)\nFor documentation on this error, please visit: https://www.seleniumhq.org/exceptions/stale_element_reference.html\nBuild info: version: '3.141.59', revision: 'e82be7d358', time: '2018-11-14T08:17:03'\nSystem info: host: 'ip-192-168-1-13.ap-southeast-2.compute.internal', ip: 'fe80:0:0:0:79:2003:42bf:a4db%en0', os.name: 'Mac OS X', os.arch: 'x86_64', os.version: '10.15.1', java.version: '1.8.0_212'\nDriver info: org.openqa.selenium.chrome.ChromeDriver\nCapabilities {acceptInsecureCerts: false, browserName: chrome, browserVersion: 109.0.5414.119, chrome: {chromedriverVersion: 109.0.5414.74 (e7c5703604da..., userDataDir: /var/folders/3c/n71_h9jd6rl...}, goog:chromeOptions: {debuggerAddress: localhost:50189}, javascriptEnabled: true, networkConnectionEnabled: false, pageLoadStrategy: normal, platform: MAC, platformName: MAC, proxy: Proxy(), setWindowRect: true, strictFileInteractability: false, timeouts: {implicit: 0, pageLoad: 300000, script: 30000}, unhandledPromptBehavior: dismiss and notify, webauthn:extension:credBlob: true, webauthn:extension:largeBlob: true, webauthn:virtualAuthenticators: true}\nSession ID: b2e70aea3b16d8b2c32c03efa7f434d8","time":{"start":1676546063827,"stop":1676546107263,"duration":43436}},{"uid":"ed2c9d93705f9df5","status":"passed","time":{"start":1676545877003,"stop":1676545918039,"duration":41036}},{"uid":"4438bebf6a184e02","status":"passed","time":{"start":1676545738457,"stop":1676545768247,"duration":29790}},{"uid":"89a819494943afb","status":"passed","time":{"start":1676545570076,"stop":1676545629603,"duration":59527}},{"uid":"1ba1038572a3c137","status":"passed","time":{"start":1676545353104,"stop":1676545376053,"duration":22949}},{"uid":"a1768111057fcb88","status":"passed","time":{"start":1676545263262,"stop":1676545281622,"duration":18360}},{"uid":"f9d9440772658ba5","status":"passed","time":{"start":1676545062245,"stop":1676545091114,"duration":28869}},{"uid":"b3c72d5afe4d851f","status":"passed","time":{"start":1676544827759,"stop":1676544851537,"duration":23778}},{"uid":"a22387fd07529954","status":"passed","time":{"start":1676544731679,"stop":1676544748905,"duration":17226}},{"uid":"1b6a0b3e8fdf6a9e","status":"passed","time":{"start":1676544638590,"stop":1676544653700,"duration":15110}},{"uid":"1800cef630e103ec","status":"passed","time":{"start":1676544531423,"stop":1676544543763,"duration":12340}},{"uid":"47e556471d911b50","status":"broken","statusDetails":"invalid selector: Unable to locate an element with the xpath expression //*[@id=\\\"productList\\\"]/div[2]/div/div/div[2]/div/div[2]/div[7]/div[2]/div[2]/button/span[1] because of the following error:\nSyntaxError: Failed to execute 'evaluate' on 'Document': The string '//*[@id=\\\"productList\\\"]/div[2]/div/div/div[2]/div/div[2]/div[7]/div[2]/div[2]/button/span[1]' is not a valid XPath expression.\n  (Session info: chrome=109.0.5414.119)\nFor documentation on this error, please visit: https://www.seleniumhq.org/exceptions/invalid_selector_exception.html\nBuild info: version: '3.141.59', revision: 'e82be7d358', time: '2018-11-14T08:17:03'\nSystem info: host: 'ip-192-168-1-13.ap-southeast-2.compute.internal', ip: 'fe80:0:0:0:79:2003:42bf:a4db%en0', os.name: 'Mac OS X', os.arch: 'x86_64', os.version: '10.15.1', java.version: '1.8.0_212'\nDriver info: org.openqa.selenium.chrome.ChromeDriver\nCapabilities {acceptInsecureCerts: false, browserName: chrome, browserVersion: 109.0.5414.119, chrome: {chromedriverVersion: 109.0.5414.74 (e7c5703604da..., userDataDir: /var/folders/3c/n71_h9jd6rl...}, goog:chromeOptions: {debuggerAddress: localhost:57551}, javascriptEnabled: true, networkConnectionEnabled: false, pageLoadStrategy: normal, platform: MAC, platformName: MAC, proxy: Proxy(), setWindowRect: true, strictFileInteractability: false, timeouts: {implicit: 0, pageLoad: 300000, script: 30000}, unhandledPromptBehavior: dismiss and notify, webauthn:extension:credBlob: true, webauthn:extension:largeBlob: true, webauthn:virtualAuthenticators: true}\nSession ID: 77c4b8d5883f0d7ce6b29f6cfa0dfbb9\n*** Element info: {Using=xpath, value=//*[@id=\\\"productList\\\"]/div[2]/div/div/div[2]/div/div[2]/div[7]/div[2]/div[2]/button/span[1]}","time":{"start":1676544370264,"stop":1676544387491,"duration":17227}},{"uid":"391b73ec12fe1bd1","status":"skipped","statusDetails":"invalid selector: Unable to locate an element with the xpath expression //*[@id=\\\"productList\\\"]/div[2]/div/div/div[2]/div/div[2]/div[7]/div[2]/div[2]/button/span[1] because of the following error:\nSyntaxError: Failed to execute 'evaluate' on 'Document': The string '//*[@id=\\\"productList\\\"]/div[2]/div/div/div[2]/div/div[2]/div[7]/div[2]/div[2]/button/span[1]' is not a valid XPath expression.\n  (Session info: chrome=109.0.5414.119)\nFor documentation on this error, please visit: https://www.seleniumhq.org/exceptions/invalid_selector_exception.html\nBuild info: version: '3.141.59', revision: 'e82be7d358', time: '2018-11-14T08:17:03'\nSystem info: host: 'ip-192-168-1-13.ap-southeast-2.compute.internal', ip: 'fe80:0:0:0:79:2003:42bf:a4db%en0', os.name: 'Mac OS X', os.arch: 'x86_64', os.version: '10.15.1', java.version: '1.8.0_212'\nDriver info: org.openqa.selenium.chrome.ChromeDriver\nCapabilities {acceptInsecureCerts: false, browserName: chrome, browserVersion: 109.0.5414.119, chrome: {chromedriverVersion: 109.0.5414.74 (e7c5703604da..., userDataDir: /var/folders/3c/n71_h9jd6rl...}, goog:chromeOptions: {debuggerAddress: localhost:57248}, javascriptEnabled: true, networkConnectionEnabled: false, pageLoadStrategy: normal, platform: MAC, platformName: MAC, proxy: Proxy(), setWindowRect: true, strictFileInteractability: false, timeouts: {implicit: 0, pageLoad: 300000, script: 30000}, unhandledPromptBehavior: dismiss and notify, webauthn:extension:credBlob: true, webauthn:extension:largeBlob: true, webauthn:virtualAuthenticators: true}\nSession ID: 8d727b3c19f0b1c98dfccc69ec93be7b\n*** Element info: {Using=xpath, value=//*[@id=\\\"productList\\\"]/div[2]/div/div/div[2]/div/div[2]/div[7]/div[2]/div[2]/button/span[1]}","time":{"start":1676544336142,"stop":1676544349426,"duration":13284}},{"uid":"a6ecb391d7254cd5","status":"skipped","statusDetails":"invalid selector: Unable to locate an element with the xpath expression //*[@id=\\\"productList\\\"]/div[3]/div/div/div[2]/div/div[2]/div[7]/div[2]/div[2]/button/span[1] because of the following error:\nSyntaxError: Failed to execute 'evaluate' on 'Document': The string '//*[@id=\\\"productList\\\"]/div[3]/div/div/div[2]/div/div[2]/div[7]/div[2]/div[2]/button/span[1]' is not a valid XPath expression.\n  (Session info: chrome=109.0.5414.119)\nFor documentation on this error, please visit: https://www.seleniumhq.org/exceptions/invalid_selector_exception.html\nBuild info: version: '3.141.59', revision: 'e82be7d358', time: '2018-11-14T08:17:03'\nSystem info: host: 'ip-192-168-1-13.ap-southeast-2.compute.internal', ip: 'fe80:0:0:0:79:2003:42bf:a4db%en0', os.name: 'Mac OS X', os.arch: 'x86_64', os.version: '10.15.1', java.version: '1.8.0_212'\nDriver info: org.openqa.selenium.chrome.ChromeDriver\nCapabilities {acceptInsecureCerts: false, browserName: chrome, browserVersion: 109.0.5414.119, chrome: {chromedriverVersion: 109.0.5414.74 (e7c5703604da..., userDataDir: /var/folders/3c/n71_h9jd6rl...}, goog:chromeOptions: {debuggerAddress: localhost:55506}, javascriptEnabled: true, networkConnectionEnabled: false, pageLoadStrategy: normal, platform: MAC, platformName: MAC, proxy: Proxy(), setWindowRect: true, strictFileInteractability: false, timeouts: {implicit: 0, pageLoad: 300000, script: 30000}, unhandledPromptBehavior: dismiss and notify, webauthn:extension:credBlob: true, webauthn:extension:largeBlob: true, webauthn:virtualAuthenticators: true}\nSession ID: 33d5347c7a6abe6ce8bd6aa3833acc51\n*** Element info: {Using=xpath, value=//*[@id=\\\"productList\\\"]/div[3]/div/div/div[2]/div/div[2]/div[7]/div[2]/div[2]/button/span[1]}","time":{"start":1676544027329,"stop":1676544041403,"duration":14074}},{"uid":"f1940ce16ab37b99","status":"skipped","statusDetails":"invalid selector: Unable to locate an element with the xpath expression //*[@id=\\\"minicart_checkout\\\"]/div[2]/div/a[1] because of the following error:\nSyntaxError: Failed to execute 'evaluate' on 'Document': The string '//*[@id=\\\"minicart_checkout\\\"]/div[2]/div/a[1]' is not a valid XPath expression.\n  (Session info: chrome=109.0.5414.119)\nFor documentation on this error, please visit: https://www.seleniumhq.org/exceptions/invalid_selector_exception.html\nBuild info: version: '3.141.59', revision: 'e82be7d358', time: '2018-11-14T08:17:03'\nSystem info: host: 'ip-192-168-1-13.ap-southeast-2.compute.internal', ip: 'fe80:0:0:0:79:2003:42bf:a4db%en0', os.name: 'Mac OS X', os.arch: 'x86_64', os.version: '10.15.1', java.version: '1.8.0_212'\nDriver info: org.openqa.selenium.chrome.ChromeDriver\nCapabilities {acceptInsecureCerts: false, browserName: chrome, browserVersion: 109.0.5414.119, chrome: {chromedriverVersion: 109.0.5414.74 (e7c5703604da..., userDataDir: /var/folders/3c/n71_h9jd6rl...}, goog:chromeOptions: {debuggerAddress: localhost:54816}, javascriptEnabled: true, networkConnectionEnabled: false, pageLoadStrategy: normal, platform: MAC, platformName: MAC, proxy: Proxy(), setWindowRect: true, strictFileInteractability: false, timeouts: {implicit: 0, pageLoad: 300000, script: 30000}, unhandledPromptBehavior: dismiss and notify, webauthn:extension:credBlob: true, webauthn:extension:largeBlob: true, webauthn:virtualAuthenticators: true}\nSession ID: 7a36c1c9e75f73e412e1121821b05eba\n*** Element info: {Using=xpath, value=//*[@id=\\\"minicart_checkout\\\"]/div[2]/div/a[1]}","time":{"start":1676543898698,"stop":1676543911367,"duration":12669}},{"uid":"c312df55e299d251","status":"skipped","statusDetails":"invalid selector: Unable to locate an element with the xpath expression //*[@id=\\\"minicart_checkout\\\"]/div[2]/div/a[1] because of the following error:\nSyntaxError: Failed to execute 'evaluate' on 'Document': The string '//*[@id=\\\"minicart_checkout\\\"]/div[2]/div/a[1]' is not a valid XPath expression.\n  (Session info: chrome=109.0.5414.119)\nFor documentation on this error, please visit: https://www.seleniumhq.org/exceptions/invalid_selector_exception.html\nBuild info: version: '3.141.59', revision: 'e82be7d358', time: '2018-11-14T08:17:03'\nSystem info: host: 'ip-192-168-1-13.ap-southeast-2.compute.internal', ip: 'fe80:0:0:0:79:2003:42bf:a4db%en0', os.name: 'Mac OS X', os.arch: 'x86_64', os.version: '10.15.1', java.version: '1.8.0_212'\nDriver info: org.openqa.selenium.chrome.ChromeDriver\nCapabilities {acceptInsecureCerts: false, browserName: chrome, browserVersion: 109.0.5414.119, chrome: {chromedriverVersion: 109.0.5414.74 (e7c5703604da..., userDataDir: /var/folders/3c/n71_h9jd6rl...}, goog:chromeOptions: {debuggerAddress: localhost:54043}, javascriptEnabled: true, networkConnectionEnabled: false, pageLoadStrategy: normal, platform: MAC, platformName: MAC, proxy: Proxy(), setWindowRect: true, strictFileInteractability: false, timeouts: {implicit: 0, pageLoad: 300000, script: 30000}, unhandledPromptBehavior: dismiss and notify, webauthn:extension:credBlob: true, webauthn:extension:largeBlob: true, webauthn:virtualAuthenticators: true}\nSession ID: fc62ad9e8081fe4dfb2e2014b895a0ae\n*** Element info: {Using=xpath, value=//*[@id=\\\"minicart_checkout\\\"]/div[2]/div/a[1]}","time":{"start":1676543787867,"stop":1676543799403,"duration":11536}},{"uid":"f96ad1f7f504ca09","status":"passed","time":{"start":1676543606589,"stop":1676543625126,"duration":18537}},{"uid":"39f787ed103c9e49","status":"passed","time":{"start":1676543415335,"stop":1676543432629,"duration":17294}},{"uid":"422ace04cd6b0002","status":"passed","time":{"start":1676543238519,"stop":1676543257639,"duration":19120}},{"uid":"12fefe0ae7788ac","status":"passed","time":{"start":1676543033534,"stop":1676543060526,"duration":26992}},{"uid":"1bb2c01163a80fe6","status":"passed","time":{"start":1676542856227,"stop":1676542882490,"duration":26263}},{"uid":"c89e233f233463dd","status":"passed","time":{"start":1676542674230,"stop":1676542701856,"duration":27626}},{"uid":"6023be3f10e4ffd2","status":"passed","time":{"start":1676542494265,"stop":1676542509304,"duration":15039}},{"uid":"4a6e8c49c86c4a5e","status":"passed","time":{"start":1676542405940,"stop":1676542417898,"duration":11958}},{"uid":"bba68fece469d14e","status":"passed","time":{"start":1676542329135,"stop":1676542338396,"duration":9261}},{"uid":"fa95ab8d41af854a","status":"passed","time":{"start":1676542259948,"stop":1676542269851,"duration":9903}},{"uid":"19f069d0f6cba93b","status":"passed","time":{"start":1676542199963,"stop":1676542212410,"duration":12447}},{"uid":"530d470dc838fc90","status":"passed","time":{"start":1676542030853,"stop":1676542047811,"duration":16958}},{"uid":"a60331be6f6e9cad","status":"passed","time":{"start":1676541894447,"stop":1676541910351,"duration":15904}},{"uid":"bcc6e5fa414da3df","status":"passed","time":{"start":1676541719934,"stop":1676541730385,"duration":10451}}],"categories":[],"tags":[]},"source":"24652ea34a608f86.json","parameterValues":["chrome"]}