<?xml version="1.0" encoding="UTF-8"?>
<!-- Generated by org.testng.reporters.JUnitXMLReporter -->
<testsuite hostname="Nasar-Air" ignored="0" name="Test" tests="3" failures="1" timestamp="2022-11-08T16:09:33 IST" time="34.258" errors="0">
  <testcase name="Verify_Webapp_launch_Tc01" time="0.266" classname="com.aloro.testcases.LoginTest"/>
  <testcase name="verify_login_Tc02" time="4.148" classname="com.aloro.testcases.LoginTest">
    <skipped/>
  </testcase> <!-- verify_login_Tc02 -->
  <testcase name="verify_login_Tc02" time="3.055" classname="com.aloro.testcases.LoginTest">
    <failure type="java.lang.AssertionError" message="expected [true] but found [false]">
      <![CDATA[java.lang.AssertionError: expected [true] but found [false]
at com.aloro.testcases.LoginTest.verify_login_Tc02(LoginTest.java:51)
at java.util.ArrayList.forEach(ArrayList.java:1257)
... Removed 31 stack frames]]>
    </failure>
  </testcase> <!-- verify_login_Tc02 -->
</testsuite> <!-- Test -->
